#
# There is insufficient memory for the Java Runtime Environment to continue.
# Native memory allocation (malloc) failed to allocate 2232656 bytes for Chunk::new
# Possible reasons:
#   The system is out of physical RAM or swap space
#   The process is running with CompressedOops enabled, and the Java Heap may be blocking the growth of the native heap
# Possible solutions:
#   Reduce memory load on the system
#   Increase physical memory or swap space
#   Check if swap backing store is full
#   Decrease Java heap size (-Xmx/-Xms)
#   Decrease number of Java threads
#   Decrease Java thread stack sizes (-Xss)
#   Set larger code cache with -XX:ReservedCodeCacheSize=
#   JVM is running with Unscaled Compressed Oops mode in which the Java heap is
#     placed in the first 4GB address space. The Java Heap base address is the
#     maximum limit for the native heap growth. Please use -XX:HeapBaseMinAddress
#     to set the Java Heap base and to place the Java Heap above 4GB virtual address.
# This output file may be truncated or incomplete.
#
#  Out of Memory Error (src/hotspot/share/memory/arena.cpp:197), pid=13688, tid=16784
#
# JRE version: OpenJDK Runtime Environment (11.0.15) (build 11.0.15+0-b2043.56-9505619)
# Java VM: OpenJDK 64-Bit Server VM (11.0.15+0-b2043.56-9505619, mixed mode, tiered, compressed oops, g1 gc, windows-amd64)
# No core dump will be written. Minidumps are not enabled by default on client versions of Windows
#

---------------  S U M M A R Y ------------

Command Line: --add-opens=java.base/java.util=ALL-UNNAMED --add-opens=java.base/java.lang=ALL-UNNAMED --add-opens=java.base/java.lang.invoke=ALL-UNNAMED --add-opens=java.base/java.util=ALL-UNNAMED --add-opens=java.prefs/java.util.prefs=ALL-UNNAMED --add-opens=java.prefs/java.util.prefs=ALL-UNNAMED --add-opens=java.base/java.nio.charset=ALL-UNNAMED --add-opens=java.base/java.net=ALL-UNNAMED --add-opens=java.base/java.util.concurrent.atomic=ALL-UNNAMED -Xmx2048m -Dfile.encoding=UTF-8 -Duser.country=IN -Duser.language=en -Duser.variant org.gradle.launcher.daemon.bootstrap.GradleDaemon 7.5

Host: AMD Ryzen 5 5625U with Radeon Graphics         , 12 cores, 7G,  Windows 11 , 64 bit Build 22621 (10.0.22621.1485)
Time: Mon May  1 21:15:34 2023 India Standard Time elapsed time: 16.174251 seconds (0d 0h 0m 16s)

---------------  T H R E A D  ---------------

Current thread (0x000001eefd5c9000):  JavaThread "C2 CompilerThread0" daemon [_thread_in_native, id=16784, stack(0x0000001fd5b00000,0x0000001fd5c00000)]


Current CompileTask:
C2:  16174 6014   !   4       com.google.common.reflect.TypeVisitor::visit (244 bytes)

Stack: [0x0000001fd5b00000,0x0000001fd5c00000]
Native frames: (J=compiled Java code, j=interpreted, Vv=VM code, C=native code)
V  [jvm.dll+0x64135a]
V  [jvm.dll+0x7d39f9]
V  [jvm.dll+0x7d51b9]
V  [jvm.dll+0x7d58a3]
V  [jvm.dll+0x2691c5]
V  [jvm.dll+0xc1a5c]
V  [jvm.dll+0xc200c]
V  [jvm.dll+0x377462]
V  [jvm.dll+0x342495]
V  [jvm.dll+0x34186a]
V  [jvm.dll+0x2214bd]
V  [jvm.dll+0x220498]
V  [jvm.dll+0x19e851]
V  [jvm.dll+0x230479]
V  [jvm.dll+0x22e5ef]
V  [jvm.dll+0x794de1]
V  [jvm.dll+0x78dc24]
V  [jvm.dll+0x6400f6]
C  [ucrtbase.dll+0x29363]
C  [KERNEL32.DLL+0x1269d]
C  [ntdll.dll+0x5a9f8]


---------------  P R O C E S S  ---------------

Threads class SMR info:
_java_thread_list=0x000001ee8f64cb70, length=166, elements={
0x000001eef134f000, 0x000001eefcc43000, 0x000001eefcc4c000, 0x000001eefd5c3000,
0x000001eefd5c4000, 0x000001eefd5c7000, 0x000001eefd5c9000, 0x000001eefd5cd000,
0x000001eefd5ce000, 0x000001eefd724000, 0x000001ee8fc53000, 0x000001eeff14e800,
0x000001eefe643800, 0x000001eefeaa4800, 0x000001eefdd56800, 0x000001ee8f4c3800,
0x000001eeff11c800, 0x000001eefe680000, 0x000001eefe77c800, 0x000001ee8f8a7000,
0x000001ee8f8aa000, 0x000001ee8f8a6000, 0x000001ee8f8ab000, 0x000001ee8f8a9800,
0x000001ee8f8a7800, 0x000001ee8f8a5000, 0x000001ee8f8ac000, 0x000001ee8f8a8800,
0x000001ee9045f000, 0x000001ee90459800, 0x000001ee90460000, 0x000001ee9045e000,
0x000001ee9045b800, 0x000001eefe1c6800, 0x000001eefe1cc000, 0x000001eefe1cb800,
0x000001eefe1ca800, 0x000001eefe1ca000, 0x000001eefe1c8000, 0x000001eefe1cd000,
0x000001eefe1c7800, 0x000001eefe1c9000, 0x000001eefeab4800, 0x000001eefeab4000,
0x000001eefeab3000, 0x000001eefeab6800, 0x000001eefeab5800, 0x000001eefeab2000,
0x000001eefeab0800, 0x000001eefeab7000, 0x000001eefeab1800, 0x000001eefeab8000,
0x000001eefeabd800, 0x000001eefeaba800, 0x000001eefeabe800, 0x000001eefeab8800,
0x000001eefeabb000, 0x000001eefeabc000, 0x000001eefeabd000, 0x000001eefeabf800,
0x000001eefeab9800, 0x000001eefe2fc000, 0x000001eefe2fa800, 0x000001eefe2fd000,
0x000001eefe2fe800, 0x000001eefe2fe000, 0x000001eefe2fb800, 0x000001eefe2f9000,
0x000001eefe2f9800, 0x000001eefe302000, 0x000001eefe300000, 0x000001eefe2ff800,
0x000001eefe306800, 0x000001eefe301000, 0x000001eefe304800, 0x000001eefe305000,
0x000001eefe306000, 0x000001eefe302800, 0x000001eefe307800, 0x000001eefe303800,
0x000001ee903a7800, 0x000001ee903a8800, 0x000001ee903a9000, 0x000001ee903aa000,
0x000001ee903ab000, 0x000001ee903a5000, 0x000001ee903ab800, 0x000001ee903a6000,
0x000001ee903ac800, 0x000001ee903a6800, 0x000001ee903b0800, 0x000001ee903b2000,
0x000001ee903b3000, 0x000001ee903ae000, 0x000001ee903b1800, 0x000001ee903ad000,
0x000001ee903b4000, 0x000001ee903af000, 0x000001ee903af800, 0x000001eefeb5f000,
0x000001eefeb63000, 0x000001eefeb5d800, 0x000001eefeb60000, 0x000001eefeb5e000,
0x000001eefeb66800, 0x000001eefeb64000, 0x000001eefeb61800, 0x000001eefeb60800,
0x000001eefeb67000, 0x000001eefeb64800, 0x000001eefeb68000, 0x000001eefeb65800,
0x000001eefeb62000, 0x000001eefeb6c000, 0x000001eefeb6a800, 0x000001eefeb69800,
0x000001eefeb68800, 0x000001eefeb6b000, 0x000001ee906a1800, 0x000001ee9069e000,
0x000001ee906a0800, 0x000001ee9069b800, 0x000001ee906a2000, 0x000001ee9069c800,
0x000001ee9069f000, 0x000001ee906a3000, 0x000001ee9069d000, 0x000001ee906a3800,
0x000001ee906a4800, 0x000001ee906a5800, 0x000001ee9069f800, 0x000001ee906a6000,
0x000001ee906a8000, 0x000001ee906a8800, 0x000001ee906a9800, 0x000001ee906a7000,
0x000001ee906aa000, 0x000001ee909a8000, 0x000001ee909a6800, 0x000001ee909aa800,
0x000001ee909a7000, 0x000001ee909a8800, 0x000001ee909ad000, 0x000001ee909af000,
0x000001ee909a9800, 0x000001ee909ab000, 0x000001ee909b0000, 0x000001ee909b1000,
0x000001ee909b1800, 0x000001ee909ac000, 0x000001ee909b2800, 0x000001ee909b3800,
0x000001ee909ad800, 0x000001ee909ae800, 0x000001ee909b4000, 0x000001ee909b5000,
0x000001ee8fa80000, 0x000001ee8fa7e800, 0x000001ee8fa7a800, 0x000001ee8fa81000,
0x000001ee8fa7b000, 0x000001ee8fa81800, 0x000001ee8fa7f000, 0x000001ee8fa7d800,
0x000001ee8fa7c000, 0x000001ee8fa82800
}

Java Threads: ( => current thread )
  0x000001eef134f000 JavaThread "main" [_thread_blocked, id=8868, stack(0x0000001fd4f00000,0x0000001fd5000000)]
  0x000001eefcc43000 JavaThread "Reference Handler" daemon [_thread_blocked, id=8364, stack(0x0000001fd5600000,0x0000001fd5700000)]
  0x000001eefcc4c000 JavaThread "Finalizer" daemon [_thread_blocked, id=8448, stack(0x0000001fd5700000,0x0000001fd5800000)]
  0x000001eefd5c3000 JavaThread "Signal Dispatcher" daemon [_thread_blocked, id=8516, stack(0x0000001fd5800000,0x0000001fd5900000)]
  0x000001eefd5c4000 JavaThread "Attach Listener" daemon [_thread_blocked, id=8992, stack(0x0000001fd5900000,0x0000001fd5a00000)]
  0x000001eefd5c7000 JavaThread "Service Thread" daemon [_thread_blocked, id=8532, stack(0x0000001fd5a00000,0x0000001fd5b00000)]
=>0x000001eefd5c9000 JavaThread "C2 CompilerThread0" daemon [_thread_in_native, id=16784, stack(0x0000001fd5b00000,0x0000001fd5c00000)]
  0x000001eefd5cd000 JavaThread "C1 CompilerThread0" daemon [_thread_in_native, id=1844, stack(0x0000001fd5c00000,0x0000001fd5d00000)]
  0x000001eefd5ce000 JavaThread "Sweeper thread" daemon [_thread_blocked, id=5996, stack(0x0000001fd5d00000,0x0000001fd5e00000)]
  0x000001eefd724000 JavaThread "Common-Cleaner" daemon [_thread_blocked, id=12708, stack(0x0000001fd5e00000,0x0000001fd5f00000)]
  0x000001ee8fc53000 JavaThread "Daemon health stats" [_thread_blocked, id=2900, stack(0x0000001fd6200000,0x0000001fd6300000)]
  0x000001eeff14e800 JavaThread "Incoming local TCP Connector on port 49800" [_thread_in_native, id=3184, stack(0x0000001fd6000000,0x0000001fd6100000)]
  0x000001eefe643800 JavaThread "Daemon periodic checks" [_thread_blocked, id=4484, stack(0x0000001fd6300000,0x0000001fd6400000)]
  0x000001eefeaa4800 JavaThread "Daemon" [_thread_blocked, id=3740, stack(0x0000001fd6400000,0x0000001fd6500000)]
  0x000001eefdd56800 JavaThread "Handler for socket connection from /127.0.0.1:49800 to /127.0.0.1:49801" [_thread_in_native, id=3792, stack(0x0000001fd6500000,0x0000001fd6600000)]
  0x000001ee8f4c3800 JavaThread "Cancel handler" [_thread_blocked, id=3776, stack(0x0000001fd6600000,0x0000001fd6700000)]
  0x000001eeff11c800 JavaThread "Daemon worker" [_thread_in_vm, id=16860, stack(0x0000001fd6700000,0x0000001fd6800000)]
  0x000001eefe680000 JavaThread "Asynchronous log dispatcher for DefaultDaemonConnection: socket connection from /127.0.0.1:49800 to /127.0.0.1:49801" [_thread_blocked, id=3780, stack(0x0000001fd6800000,0x0000001fd6900000)]
  0x000001eefe77c800 JavaThread "Stdin handler" [_thread_blocked, id=5220, stack(0x0000001fd6900000,0x0000001fd6a00000)]
  0x000001ee8f8a7000 JavaThread "Daemon client event forwarder" [_thread_blocked, id=4252, stack(0x0000001fd6a00000,0x0000001fd6b00000)]
  0x000001ee8f8aa000 JavaThread "Cache worker for journal cache (C:\Users\hplap\.gradle\caches\journal-1)" [_thread_blocked, id=9456, stack(0x0000001fd7500000,0x0000001fd7600000)]
  0x000001ee8f8a6000 JavaThread "File lock request listener" [_thread_in_native, id=8240, stack(0x0000001fd7600000,0x0000001fd7700000)]
  0x000001ee8f8ab000 JavaThread "Cache worker for file hash cache (C:\Users\hplap\.gradle\caches\7.5\fileHashes)" [_thread_blocked, id=6480, stack(0x0000001fd7700000,0x0000001fd7800000)]
  0x000001ee8f8a9800 JavaThread "File watcher server" daemon [_thread_in_native, id=2024, stack(0x0000001fd7a00000,0x0000001fd7b00000)]
  0x000001ee8f8a7800 JavaThread "File watcher consumer" daemon [_thread_blocked, id=14768, stack(0x0000001fd7b00000,0x0000001fd7c00000)]
  0x000001ee8f8a5000 JavaThread "Cache worker for checksums cache (D:\android class work\CA2 Pdf\Movies_Show_Booking_System\.gradle\7.5\checksums)" [_thread_blocked, id=3300, stack(0x0000001fd7c00000,0x0000001fd7d00000)]
  0x000001ee8f8ac000 JavaThread "Cache worker for cache directory md-rule (C:\Users\hplap\.gradle\caches\7.5\md-rule)" [_thread_blocked, id=4840, stack(0x0000001fd7d00000,0x0000001fd7e00000)]
  0x000001ee8f8a8800 JavaThread "Cache worker for file content cache (C:\Users\hplap\.gradle\caches\7.5\fileContent)" [_thread_blocked, id=7100, stack(0x0000001fd7e00000,0x0000001fd7f00000)]
  0x000001ee9045f000 JavaThread "Cache worker for file hash cache (D:\android class work\CA2 Pdf\Movies_Show_Booking_System\.gradle\7.5\fileHashes)" [_thread_blocked, id=4844, stack(0x0000001fd7f00000,0x0000001fd8000000)]
  0x000001ee90459800 JavaThread "Cache worker for cache directory md-supplier (C:\Users\hplap\.gradle\caches\7.5\md-supplier)" [_thread_blocked, id=4948, stack(0x0000001fd8000000,0x0000001fd8100000)]
  0x000001ee90460000 JavaThread "Cache worker for execution history cache (C:\Users\hplap\.gradle\caches\7.5\executionHistory)" [_thread_blocked, id=4740, stack(0x0000001fd8100000,0x0000001fd8200000)]
  0x000001ee9045e000 JavaThread "jar transforms" [_thread_blocked, id=11296, stack(0x0000001fd8200000,0x0000001fd8300000)]
  0x000001ee9045b800 JavaThread "jar transforms Thread 2" [_thread_blocked, id=7528, stack(0x0000001fd8300000,0x0000001fd8400000)]
  0x000001eefe1c6800 JavaThread "jar transforms Thread 3" [_thread_blocked, id=4428, stack(0x0000001fd8400000,0x0000001fd8500000)]
  0x000001eefe1cc000 JavaThread "jar transforms Thread 4" [_thread_blocked, id=16116, stack(0x0000001fd8500000,0x0000001fd8600000)]
  0x000001eefe1cb800 JavaThread "Cache worker for dependencies-accessors (D:\android class work\CA2 Pdf\Movies_Show_Booking_System\.gradle\7.5\dependencies-accessors)" [_thread_blocked, id=16052, stack(0x0000001fd8600000,0x0000001fd8700000)]
  0x000001eefe1ca800 JavaThread "jar transforms Thread 5" [_thread_blocked, id=15656, stack(0x0000001fd8700000,0x0000001fd8800000)]
  0x000001eefe1ca000 JavaThread "Cache worker for Build Output Cleanup Cache (D:\android class work\CA2 Pdf\Movies_Show_Booking_System\.gradle\buildOutputCleanup)" [_thread_blocked, id=4364, stack(0x0000001fd8800000,0x0000001fd8900000)]
  0x000001eefe1c8000 JavaThread "Unconstrained build operations" [_thread_blocked, id=4328, stack(0x0000001fd8900000,0x0000001fd8a00000)]
  0x000001eefe1cd000 JavaThread "Unconstrained build operations Thread 2" [_thread_blocked, id=7660, stack(0x0000001fd8a00000,0x0000001fd8b00000)]
  0x000001eefe1c7800 JavaThread "Unconstrained build operations Thread 3" [_thread_blocked, id=14304, stack(0x0000001fd8b00000,0x0000001fd8c00000)]
  0x000001eefe1c9000 JavaThread "Unconstrained build operations Thread 4" [_thread_blocked, id=3296, stack(0x0000001fd8c00000,0x0000001fd8d00000)]
  0x000001eefeab4800 JavaThread "Unconstrained build operations Thread 5" [_thread_blocked, id=2972, stack(0x0000001fd8d00000,0x0000001fd8e00000)]
  0x000001eefeab4000 JavaThread "Unconstrained build operations Thread 6" [_thread_blocked, id=2860, stack(0x0000001fd8e00000,0x0000001fd8f00000)]
  0x000001eefeab3000 JavaThread "Unconstrained build operations Thread 7" [_thread_blocked, id=3340, stack(0x0000001fd8f00000,0x0000001fd9000000)]
  0x000001eefeab6800 JavaThread "Unconstrained build operations Thread 8" [_thread_blocked, id=11792, stack(0x0000001fd9000000,0x0000001fd9100000)]
  0x000001eefeab5800 JavaThread "Unconstrained build operations Thread 9" [_thread_blocked, id=7504, stack(0x0000001fd9100000,0x0000001fd9200000)]
  0x000001eefeab2000 JavaThread "Unconstrained build operations Thread 10" [_thread_blocked, id=16464, stack(0x0000001fd9200000,0x0000001fd9300000)]
  0x000001eefeab0800 JavaThread "Unconstrained build operations Thread 11" [_thread_blocked, id=2876, stack(0x0000001fd9300000,0x0000001fd9400000)]
  0x000001eefeab7000 JavaThread "Unconstrained build operations Thread 12" [_thread_blocked, id=5828, stack(0x0000001fd9400000,0x0000001fd9500000)]
  0x000001eefeab1800 JavaThread "Unconstrained build operations Thread 13" [_thread_blocked, id=13996, stack(0x0000001fd9500000,0x0000001fd9600000)]
  0x000001eefeab8000 JavaThread "Unconstrained build operations Thread 14" [_thread_blocked, id=8988, stack(0x0000001fd9600000,0x0000001fd9700000)]
  0x000001eefeabd800 JavaThread "Unconstrained build operations Thread 15" [_thread_blocked, id=14728, stack(0x0000001fd9700000,0x0000001fd9800000)]
  0x000001eefeaba800 JavaThread "Unconstrained build operations Thread 16" [_thread_blocked, id=13992, stack(0x0000001fd9800000,0x0000001fd9900000)]
  0x000001eefeabe800 JavaThread "Unconstrained build operations Thread 17" [_thread_blocked, id=9176, stack(0x0000001fd9900000,0x0000001fd9a00000)]
  0x000001eefeab8800 JavaThread "Unconstrained build operations Thread 18" [_thread_blocked, id=8600, stack(0x0000001fd9a00000,0x0000001fd9b00000)]
  0x000001eefeabb000 JavaThread "Unconstrained build operations Thread 19" [_thread_blocked, id=8840, stack(0x0000001fd9b00000,0x0000001fd9c00000)]
  0x000001eefeabc000 JavaThread "Unconstrained build operations Thread 20" [_thread_blocked, id=8956, stack(0x0000001fd9c00000,0x0000001fd9d00000)]
  0x000001eefeabd000 JavaThread "Unconstrained build operations Thread 21" [_thread_blocked, id=2424, stack(0x0000001fd9d00000,0x0000001fd9e00000)]
  0x000001eefeabf800 JavaThread "Unconstrained build operations Thread 22" [_thread_blocked, id=9972, stack(0x0000001fd9e00000,0x0000001fd9f00000)]
  0x000001eefeab9800 JavaThread "Unconstrained build operations Thread 23" [_thread_blocked, id=9940, stack(0x0000001fd9f00000,0x0000001fda000000)]
  0x000001eefe2fc000 JavaThread "Unconstrained build operations Thread 24" [_thread_blocked, id=1696, stack(0x0000001fda000000,0x0000001fda100000)]
  0x000001eefe2fa800 JavaThread "Unconstrained build operations Thread 25" [_thread_blocked, id=1920, stack(0x0000001fda100000,0x0000001fda200000)]
  0x000001eefe2fd000 JavaThread "Unconstrained build operations Thread 26" [_thread_blocked, id=1656, stack(0x0000001fda200000,0x0000001fda300000)]
  0x000001eefe2fe800 JavaThread "Unconstrained build operations Thread 27" [_thread_blocked, id=9448, stack(0x0000001fda300000,0x0000001fda400000)]
  0x000001eefe2fe000 JavaThread "Unconstrained build operations Thread 28" [_thread_blocked, id=280, stack(0x0000001fda400000,0x0000001fda500000)]
  0x000001eefe2fb800 JavaThread "Unconstrained build operations Thread 29" [_thread_blocked, id=11780, stack(0x0000001fda500000,0x0000001fda600000)]
  0x000001eefe2f9000 JavaThread "Unconstrained build operations Thread 30" [_thread_blocked, id=11952, stack(0x0000001fda600000,0x0000001fda700000)]
  0x000001eefe2f9800 JavaThread "Unconstrained build operations Thread 31" [_thread_blocked, id=12068, stack(0x0000001fda700000,0x0000001fda800000)]
  0x000001eefe302000 JavaThread "Unconstrained build operations Thread 32" [_thread_blocked, id=12136, stack(0x0000001fda800000,0x0000001fda900000)]
  0x000001eefe300000 JavaThread "Unconstrained build operations Thread 33" [_thread_blocked, id=16204, stack(0x0000001fda900000,0x0000001fdaa00000)]
  0x000001eefe2ff800 JavaThread "Unconstrained build operations Thread 34" [_thread_blocked, id=15808, stack(0x0000001fdaa00000,0x0000001fdab00000)]
  0x000001eefe306800 JavaThread "Unconstrained build operations Thread 35" [_thread_blocked, id=16484, stack(0x0000001fdab00000,0x0000001fdac00000)]
  0x000001eefe301000 JavaThread "Unconstrained build operations Thread 36" [_thread_blocked, id=14376, stack(0x0000001fdac00000,0x0000001fdad00000)]
  0x000001eefe304800 JavaThread "Unconstrained build operations Thread 37" [_thread_blocked, id=12300, stack(0x0000001fdad00000,0x0000001fdae00000)]
  0x000001eefe305000 JavaThread "Unconstrained build operations Thread 38" [_thread_blocked, id=14480, stack(0x0000001fdae00000,0x0000001fdaf00000)]
  0x000001eefe306000 JavaThread "Unconstrained build operations Thread 39" [_thread_blocked, id=12116, stack(0x0000001fdaf00000,0x0000001fdb000000)]
  0x000001eefe302800 JavaThread "Unconstrained build operations Thread 40" [_thread_blocked, id=12144, stack(0x0000001fdb000000,0x0000001fdb100000)]
  0x000001eefe307800 JavaThread "Unconstrained build operations Thread 41" [_thread_blocked, id=12168, stack(0x0000001fdb100000,0x0000001fdb200000)]
  0x000001eefe303800 JavaThread "Unconstrained build operations Thread 42" [_thread_blocked, id=12232, stack(0x0000001fdb200000,0x0000001fdb300000)]
  0x000001ee903a7800 JavaThread "Unconstrained build operations Thread 43" [_thread_blocked, id=12140, stack(0x0000001fdb300000,0x0000001fdb400000)]
  0x000001ee903a8800 JavaThread "Unconstrained build operations Thread 44" [_thread_blocked, id=9420, stack(0x0000001fdb400000,0x0000001fdb500000)]
  0x000001ee903a9000 JavaThread "Unconstrained build operations Thread 45" [_thread_blocked, id=11936, stack(0x0000001fdb500000,0x0000001fdb600000)]
  0x000001ee903aa000 JavaThread "Unconstrained build operations Thread 46" [_thread_blocked, id=12012, stack(0x0000001fdb600000,0x0000001fdb700000)]
  0x000001ee903ab000 JavaThread "Unconstrained build operations Thread 47" [_thread_blocked, id=11972, stack(0x0000001fdb700000,0x0000001fdb800000)]
  0x000001ee903a5000 JavaThread "Unconstrained build operations Thread 48" [_thread_blocked, id=12080, stack(0x0000001fdb800000,0x0000001fdb900000)]
  0x000001ee903ab800 JavaThread "Unconstrained build operations Thread 49" [_thread_blocked, id=12092, stack(0x0000001fdb900000,0x0000001fdba00000)]
  0x000001ee903a6000 JavaThread "Unconstrained build operations Thread 50" [_thread_blocked, id=11968, stack(0x0000001fdba00000,0x0000001fdbb00000)]
  0x000001ee903ac800 JavaThread "Unconstrained build operations Thread 51" [_thread_blocked, id=11988, stack(0x0000001fdbb00000,0x0000001fdbc00000)]
  0x000001ee903a6800 JavaThread "Unconstrained build operations Thread 52" [_thread_blocked, id=12084, stack(0x0000001fdbc00000,0x0000001fdbd00000)]
  0x000001ee903b0800 JavaThread "Unconstrained build operations Thread 53" [_thread_blocked, id=12236, stack(0x0000001fdbd00000,0x0000001fdbe00000)]
  0x000001ee903b2000 JavaThread "Unconstrained build operations Thread 54" [_thread_blocked, id=13604, stack(0x0000001fdbe00000,0x0000001fdbf00000)]
  0x000001ee903b3000 JavaThread "Unconstrained build operations Thread 55" [_thread_blocked, id=13620, stack(0x0000001fdbf00000,0x0000001fdc000000)]
  0x000001ee903ae000 JavaThread "Unconstrained build operations Thread 56" [_thread_blocked, id=13616, stack(0x0000001fdc000000,0x0000001fdc100000)]
  0x000001ee903b1800 JavaThread "Unconstrained build operations Thread 57" [_thread_blocked, id=6728, stack(0x0000001fdc100000,0x0000001fdc200000)]
  0x000001ee903ad000 JavaThread "Unconstrained build operations Thread 58" [_thread_blocked, id=16632, stack(0x0000001fdc200000,0x0000001fdc300000)]
  0x000001ee903b4000 JavaThread "Unconstrained build operations Thread 59" [_thread_blocked, id=6736, stack(0x0000001fdc300000,0x0000001fdc400000)]
  0x000001ee903af000 JavaThread "Unconstrained build operations Thread 60" [_thread_blocked, id=12672, stack(0x0000001fdc400000,0x0000001fdc500000)]
  0x000001ee903af800 JavaThread "Unconstrained build operations Thread 61" [_thread_blocked, id=5548, stack(0x0000001fdc500000,0x0000001fdc600000)]
  0x000001eefeb5f000 JavaThread "Unconstrained build operations Thread 62" [_thread_blocked, id=7476, stack(0x0000001fdc600000,0x0000001fdc700000)]
  0x000001eefeb63000 JavaThread "Unconstrained build operations Thread 63" [_thread_blocked, id=6684, stack(0x0000001fdc700000,0x0000001fdc800000)]
  0x000001eefeb5d800 JavaThread "Unconstrained build operations Thread 64" [_thread_blocked, id=5448, stack(0x0000001fdc800000,0x0000001fdc900000)]
  0x000001eefeb60000 JavaThread "Unconstrained build operations Thread 65" [_thread_blocked, id=2584, stack(0x0000001fdc900000,0x0000001fdca00000)]
  0x000001eefeb5e000 JavaThread "Unconstrained build operations Thread 66" [_thread_blocked, id=14084, stack(0x0000001fdca00000,0x0000001fdcb00000)]
  0x000001eefeb66800 JavaThread "Unconstrained build operations Thread 67" [_thread_blocked, id=15220, stack(0x0000001fdcb00000,0x0000001fdcc00000)]
  0x000001eefeb64000 JavaThread "Unconstrained build operations Thread 68" [_thread_blocked, id=13036, stack(0x0000001fdcc00000,0x0000001fdcd00000)]
  0x000001eefeb61800 JavaThread "Unconstrained build operations Thread 69" [_thread_blocked, id=12852, stack(0x0000001fdcd00000,0x0000001fdce00000)]
  0x000001eefeb60800 JavaThread "Unconstrained build operations Thread 70" [_thread_blocked, id=12832, stack(0x0000001fdce00000,0x0000001fdcf00000)]
  0x000001eefeb67000 JavaThread "Unconstrained build operations Thread 71" [_thread_blocked, id=12860, stack(0x0000001fdcf00000,0x0000001fdd000000)]
  0x000001eefeb64800 JavaThread "Unconstrained build operations Thread 72" [_thread_blocked, id=12844, stack(0x0000001fdd000000,0x0000001fdd100000)]
  0x000001eefeb68000 JavaThread "Unconstrained build operations Thread 73" [_thread_blocked, id=12848, stack(0x0000001fdd100000,0x0000001fdd200000)]
  0x000001eefeb65800 JavaThread "Unconstrained build operations Thread 74" [_thread_blocked, id=17304, stack(0x0000001fdd200000,0x0000001fdd300000)]
  0x000001eefeb62000 JavaThread "Unconstrained build operations Thread 75" [_thread_blocked, id=16788, stack(0x0000001fdd300000,0x0000001fdd400000)]
  0x000001eefeb6c000 JavaThread "Unconstrained build operations Thread 76" [_thread_blocked, id=3348, stack(0x0000001fdd400000,0x0000001fdd500000)]
  0x000001eefeb6a800 JavaThread "Unconstrained build operations Thread 77" [_thread_blocked, id=7992, stack(0x0000001fdd500000,0x0000001fdd600000)]
  0x000001eefeb69800 JavaThread "Unconstrained build operations Thread 78" [_thread_blocked, id=3376, stack(0x0000001fdd600000,0x0000001fdd700000)]
  0x000001eefeb68800 JavaThread "Unconstrained build operations Thread 79" [_thread_blocked, id=8032, stack(0x0000001fdd700000,0x0000001fdd800000)]
  0x000001eefeb6b000 JavaThread "Unconstrained build operations Thread 80" [_thread_blocked, id=11652, stack(0x0000001fdd800000,0x0000001fdd900000)]
  0x000001ee906a1800 JavaThread "Unconstrained build operations Thread 81" [_thread_blocked, id=2684, stack(0x0000001fdd900000,0x0000001fdda00000)]
  0x000001ee9069e000 JavaThread "Unconstrained build operations Thread 82" [_thread_blocked, id=16816, stack(0x0000001fdda00000,0x0000001fddb00000)]
  0x000001ee906a0800 JavaThread "Unconstrained build operations Thread 83" [_thread_blocked, id=16812, stack(0x0000001fddb00000,0x0000001fddc00000)]
  0x000001ee9069b800 JavaThread "Unconstrained build operations Thread 84" [_thread_blocked, id=4936, stack(0x0000001fddc00000,0x0000001fddd00000)]
  0x000001ee906a2000 JavaThread "Unconstrained build operations Thread 85" [_thread_blocked, id=9164, stack(0x0000001fddd00000,0x0000001fdde00000)]
  0x000001ee9069c800 JavaThread "Unconstrained build operations Thread 86" [_thread_blocked, id=1036, stack(0x0000001fdde00000,0x0000001fddf00000)]
  0x000001ee9069f000 JavaThread "Unconstrained build operations Thread 87" [_thread_blocked, id=12252, stack(0x0000001fddf00000,0x0000001fde000000)]
  0x000001ee906a3000 JavaThread "Unconstrained build operations Thread 88" [_thread_blocked, id=11776, stack(0x0000001fde000000,0x0000001fde100000)]
  0x000001ee9069d000 JavaThread "Unconstrained build operations Thread 89" [_thread_blocked, id=13076, stack(0x0000001fde100000,0x0000001fde200000)]
  0x000001ee906a3800 JavaThread "Unconstrained build operations Thread 90" [_thread_blocked, id=5440, stack(0x0000001fde200000,0x0000001fde300000)]
  0x000001ee906a4800 JavaThread "Unconstrained build operations Thread 91" [_thread_blocked, id=1100, stack(0x0000001fde300000,0x0000001fde400000)]
  0x000001ee906a5800 JavaThread "Unconstrained build operations Thread 92" [_thread_blocked, id=1636, stack(0x0000001fde400000,0x0000001fde500000)]
  0x000001ee9069f800 JavaThread "Unconstrained build operations Thread 93" [_thread_blocked, id=16396, stack(0x0000001fde500000,0x0000001fde600000)]
  0x000001ee906a6000 JavaThread "Unconstrained build operations Thread 94" [_thread_blocked, id=12796, stack(0x0000001fde600000,0x0000001fde700000)]
  0x000001ee906a8000 JavaThread "Unconstrained build operations Thread 95" [_thread_blocked, id=1788, stack(0x0000001fde700000,0x0000001fde800000)]
  0x000001ee906a8800 JavaThread "Unconstrained build operations Thread 96" [_thread_blocked, id=17308, stack(0x0000001fde800000,0x0000001fde900000)]
  0x000001ee906a9800 JavaThread "Unconstrained build operations Thread 97" [_thread_blocked, id=3360, stack(0x0000001fde900000,0x0000001fdea00000)]
  0x000001ee906a7000 JavaThread "Unconstrained build operations Thread 98" [_thread_blocked, id=6348, stack(0x0000001fdea00000,0x0000001fdeb00000)]
  0x000001ee906aa000 JavaThread "Unconstrained build operations Thread 99" [_thread_blocked, id=6376, stack(0x0000001fdeb00000,0x0000001fdec00000)]
  0x000001ee909a8000 JavaThread "Unconstrained build operations Thread 100" [_thread_blocked, id=16864, stack(0x0000001fdec00000,0x0000001fded00000)]
  0x000001ee909a6800 JavaThread "Unconstrained build operations Thread 101" [_thread_blocked, id=14324, stack(0x0000001fded00000,0x0000001fdee00000)]
  0x000001ee909aa800 JavaThread "Unconstrained build operations Thread 102" [_thread_blocked, id=1352, stack(0x0000001fdee00000,0x0000001fdef00000)]
  0x000001ee909a7000 JavaThread "Unconstrained build operations Thread 103" [_thread_blocked, id=17200, stack(0x0000001fdef00000,0x0000001fdf000000)]
  0x000001ee909a8800 JavaThread "Unconstrained build operations Thread 104" [_thread_blocked, id=6268, stack(0x0000001fdf000000,0x0000001fdf100000)]
  0x000001ee909ad000 JavaThread "Unconstrained build operations Thread 105" [_thread_blocked, id=13692, stack(0x0000001fdf100000,0x0000001fdf200000)]
  0x000001ee909af000 JavaThread "Unconstrained build operations Thread 106" [_thread_blocked, id=13328, stack(0x0000001fdf200000,0x0000001fdf300000)]
  0x000001ee909a9800 JavaThread "Unconstrained build operations Thread 107" [_thread_blocked, id=8936, stack(0x0000001fdf300000,0x0000001fdf400000)]
  0x000001ee909ab000 JavaThread "Unconstrained build operations Thread 108" [_thread_blocked, id=15272, stack(0x0000001fdf400000,0x0000001fdf500000)]
  0x000001ee909b0000 JavaThread "Unconstrained build operations Thread 109" [_thread_blocked, id=6500, stack(0x0000001fdf500000,0x0000001fdf600000)]
  0x000001ee909b1000 JavaThread "Unconstrained build operations Thread 110" [_thread_blocked, id=4168, stack(0x0000001fdf600000,0x0000001fdf700000)]
  0x000001ee909b1800 JavaThread "Unconstrained build operations Thread 111" [_thread_blocked, id=7576, stack(0x0000001fdf700000,0x0000001fdf800000)]
  0x000001ee909ac000 JavaThread "Unconstrained build operations Thread 112" [_thread_blocked, id=15480, stack(0x0000001fdf800000,0x0000001fdf900000)]
  0x000001ee909b2800 JavaThread "Unconstrained build operations Thread 113" [_thread_blocked, id=14132, stack(0x0000001fdf900000,0x0000001fdfa00000)]
  0x000001ee909b3800 JavaThread "Unconstrained build operations Thread 114" [_thread_blocked, id=7096, stack(0x0000001fdfa00000,0x0000001fdfb00000)]
  0x000001ee909ad800 JavaThread "Unconstrained build operations Thread 115" [_thread_blocked, id=7892, stack(0x0000001fdfb00000,0x0000001fdfc00000)]
  0x000001ee909ae800 JavaThread "Unconstrained build operations Thread 116" [_thread_blocked, id=4156, stack(0x0000001fdfc00000,0x0000001fdfd00000)]
  0x000001ee909b4000 JavaThread "Unconstrained build operations Thread 117" [_thread_blocked, id=17092, stack(0x0000001fdfd00000,0x0000001fdfe00000)]
  0x000001ee909b5000 JavaThread "Unconstrained build operations Thread 118" [_thread_blocked, id=6456, stack(0x0000001fdfe00000,0x0000001fdff00000)]
  0x000001ee8fa80000 JavaThread "Unconstrained build operations Thread 119" [_thread_blocked, id=4424, stack(0x0000001fdff00000,0x0000001fe0000000)]
  0x000001ee8fa7e800 JavaThread "Unconstrained build operations Thread 120" [_thread_blocked, id=7684, stack(0x0000001fe0000000,0x0000001fe0100000)]
  0x000001ee8fa7a800 JavaThread "jar transforms Thread 6" [_thread_blocked, id=14708, stack(0x0000001fe0100000,0x0000001fe0200000)]
  0x000001ee8fa81000 JavaThread "jar transforms Thread 7" [_thread_blocked, id=11356, stack(0x0000001fe0200000,0x0000001fe0300000)]
  0x000001ee8fa7b000 JavaThread "jar transforms Thread 8" [_thread_blocked, id=14564, stack(0x0000001fe0300000,0x0000001fe0400000)]
  0x000001ee8fa81800 JavaThread "jar transforms Thread 9" [_thread_blocked, id=11720, stack(0x0000001fe0400000,0x0000001fe0500000)]
  0x000001ee8fa7f000 JavaThread "jar transforms Thread 10" [_thread_blocked, id=1248, stack(0x0000001fe0500000,0x0000001fe0600000)]
  0x000001ee8fa7d800 JavaThread "jar transforms Thread 11" [_thread_blocked, id=11656, stack(0x0000001fe0600000,0x0000001fe0700000)]
  0x000001ee8fa7c000 JavaThread "jar transforms Thread 12" [_thread_blocked, id=10900, stack(0x0000001fe0700000,0x0000001fe0800000)]
  0x000001ee8fa82800 JavaThread "build event listener" [_thread_blocked, id=12076, stack(0x0000001fe0800000,0x0000001fe0900000)]

Other Threads:
  0x000001eefcc3d000 VMThread "VM Thread" [stack: 0x0000001fd5500000,0x0000001fd5600000] [id=14516]
  0x000001eefd76f800 WatcherThread [stack: 0x0000001fd5f00000,0x0000001fd6000000] [id=1304]
  0x000001eef136a000 GCTaskThread "GC Thread#0" [stack: 0x0000001fd5000000,0x0000001fd5100000] [id=2240]
  0x000001eefe445000 GCTaskThread "GC Thread#1" [stack: 0x0000001fd6100000,0x0000001fd6200000] [id=2236]
  0x000001eefe7d3800 GCTaskThread "GC Thread#2" [stack: 0x0000001fd6b00000,0x0000001fd6c00000] [id=4084]
  0x000001ee8f917800 GCTaskThread "GC Thread#3" [stack: 0x0000001fd6c00000,0x0000001fd6d00000] [id=8248]
  0x000001ee8f8c8800 GCTaskThread "GC Thread#4" [stack: 0x0000001fd6d00000,0x0000001fd6e00000] [id=15432]
  0x000001eefea24000 GCTaskThread "GC Thread#5" [stack: 0x0000001fd6e00000,0x0000001fd6f00000] [id=2752]
  0x000001eefea25000 GCTaskThread "GC Thread#6" [stack: 0x0000001fd6f00000,0x0000001fd7000000] [id=4956]
  0x000001eefe57f000 GCTaskThread "GC Thread#7" [stack: 0x0000001fd7000000,0x0000001fd7100000] [id=17244]
  0x000001eefe580000 GCTaskThread "GC Thread#8" [stack: 0x0000001fd7100000,0x0000001fd7200000] [id=17248]
  0x000001ee8f52d800 GCTaskThread "GC Thread#9" [stack: 0x0000001fd7200000,0x0000001fd7300000] [id=4472]
  0x000001eef139c000 ConcurrentGCThread "G1 Main Marker" [stack: 0x0000001fd5100000,0x0000001fd5200000] [id=11380]
  0x000001eef139d000 ConcurrentGCThread "G1 Conc#0" [stack: 0x0000001fd5200000,0x0000001fd5300000] [id=8332]
  0x000001ee8f6b4000 ConcurrentGCThread "G1 Conc#1" [stack: 0x0000001fd7800000,0x0000001fd7900000] [id=6600]
  0x000001ee8f3a8800 ConcurrentGCThread "G1 Conc#2" [stack: 0x0000001fd7900000,0x0000001fd7a00000] [id=16648]
  0x000001eef141e800 ConcurrentGCThread "G1 Refine#0" [stack: 0x0000001fd5300000,0x0000001fd5400000] [id=3316]
  0x000001eefe5db000 ConcurrentGCThread "G1 Refine#1" [stack: 0x0000001fd7300000,0x0000001fd7400000] [id=5452]
  0x000001eefe294800 ConcurrentGCThread "G1 Refine#2" [stack: 0x0000001fd7400000,0x0000001fd7500000] [id=9444]
  0x000001eefca84800 ConcurrentGCThread "G1 Young RemSet Sampling" [stack: 0x0000001fd5400000,0x0000001fd5500000] [id=7548]

Threads with active compile tasks:
C2 CompilerThread0    16218 6014   !   4       com.google.common.reflect.TypeVisitor::visit (244 bytes)

VM state:not at safepoint (normal execution)

VM Mutex/Monitor currently owned by a thread: None

Heap address: 0x0000000080000000, size: 2048 MB, Compressed Oops mode: 32-bit
Narrow klass base: 0x0000000000000000, Narrow klass shift: 3
Compressed class space size: 1073741824 Address: 0x0000000100000000

Heap:
 garbage-first heap   total 145408K, used 89575K [0x0000000080000000, 0x0000000100000000)
  region size 1024K, 49 young (50176K), 9 survivors (9216K)
 Metaspace       used 58060K, capacity 59651K, committed 59856K, reserved 1101824K
  class space    used 7306K, capacity 7921K, committed 8012K, reserved 1048576K
Heap Regions: E=young(eden), S=young(survivor), O=old, HS=humongous(starts), HC=humongous(continues), CS=collection set, F=free, A=archive, TAMS=top-at-mark-start (previous, next)
|   0|0x0000000080000000, 0x0000000080100000, 0x0000000080100000|100%| O|  |TAMS 0x0000000080100000, 0x0000000080000000| Untracked 
|   1|0x0000000080100000, 0x0000000080200000, 0x0000000080200000|100%| O|  |TAMS 0x0000000080200000, 0x0000000080100000| Untracked 
|   2|0x0000000080200000, 0x0000000080300000, 0x0000000080300000|100%| O|  |TAMS 0x0000000080300000, 0x0000000080200000| Untracked 
|   3|0x0000000080300000, 0x0000000080400000, 0x0000000080400000|100%|HS|  |TAMS 0x0000000080400000, 0x0000000080300000| Complete 
|   4|0x0000000080400000, 0x0000000080500000, 0x0000000080500000|100%|HC|  |TAMS 0x0000000080500000, 0x0000000080400000| Complete 
|   5|0x0000000080500000, 0x0000000080600000, 0x0000000080600000|100%|HC|  |TAMS 0x0000000080600000, 0x0000000080500000| Complete 
|   6|0x0000000080600000, 0x0000000080700000, 0x0000000080700000|100%| O|  |TAMS 0x0000000080700000, 0x0000000080600000| Untracked 
|   7|0x0000000080700000, 0x0000000080800000, 0x0000000080800000|100%| O|  |TAMS 0x0000000080800000, 0x0000000080700000| Untracked 
|   8|0x0000000080800000, 0x0000000080900000, 0x0000000080900000|100%| O|  |TAMS 0x0000000080900000, 0x0000000080800000| Untracked 
|   9|0x0000000080900000, 0x0000000080a00000, 0x0000000080a00000|100%| O|  |TAMS 0x0000000080a00000, 0x0000000080900000| Untracked 
|  10|0x0000000080a00000, 0x0000000080b00000, 0x0000000080b00000|100%| O|  |TAMS 0x0000000080b00000, 0x0000000080a00000| Untracked 
|  11|0x0000000080b00000, 0x0000000080c00000, 0x0000000080c00000|100%| O|  |TAMS 0x0000000080c00000, 0x0000000080b00000| Untracked 
|  12|0x0000000080c00000, 0x0000000080d00000, 0x0000000080d00000|100%| O|  |TAMS 0x0000000080d00000, 0x0000000080c00000| Untracked 
|  13|0x0000000080d00000, 0x0000000080e00000, 0x0000000080e00000|100%| O|  |TAMS 0x0000000080e00000, 0x0000000080d00000| Untracked 
|  14|0x0000000080e00000, 0x0000000080f00000, 0x0000000080f00000|100%| O|  |TAMS 0x0000000080f00000, 0x0000000080e00000| Untracked 
|  15|0x0000000080f00000, 0x0000000081000000, 0x0000000081000000|100%| O|  |TAMS 0x0000000081000000, 0x0000000080f00000| Untracked 
|  16|0x0000000081000000, 0x0000000081100000, 0x0000000081100000|100%| O|  |TAMS 0x00000000810a4c00, 0x0000000081000000| Untracked 
|  17|0x0000000081100000, 0x0000000081200000, 0x0000000081200000|100%|HS|  |TAMS 0x0000000081100000, 0x0000000081100000| Complete 
|  18|0x0000000081200000, 0x0000000081300000, 0x0000000081300000|100%| O|  |TAMS 0x0000000081200000, 0x0000000081200000| Untracked 
|  19|0x0000000081300000, 0x0000000081400000, 0x0000000081400000|100%| O|  |TAMS 0x0000000081300000, 0x0000000081300000| Untracked 
|  20|0x0000000081400000, 0x0000000081500000, 0x0000000081500000|100%| O|  |TAMS 0x0000000081400000, 0x0000000081400000| Untracked 
|  21|0x0000000081500000, 0x0000000081600000, 0x0000000081600000|100%| O|  |TAMS 0x0000000081500000, 0x0000000081500000| Untracked 
|  22|0x0000000081600000, 0x0000000081700000, 0x0000000081700000|100%| O|  |TAMS 0x0000000081600000, 0x0000000081600000| Untracked 
|  23|0x0000000081700000, 0x0000000081800000, 0x0000000081800000|100%| O|  |TAMS 0x0000000081700000, 0x0000000081700000| Untracked 
|  24|0x0000000081800000, 0x0000000081900000, 0x0000000081900000|100%| O|  |TAMS 0x0000000081800000, 0x0000000081800000| Untracked 
|  25|0x0000000081900000, 0x0000000081a00000, 0x0000000081a00000|100%| O|  |TAMS 0x0000000081900000, 0x0000000081900000| Untracked 
|  26|0x0000000081a00000, 0x0000000081b00000, 0x0000000081b00000|100%| O|  |TAMS 0x0000000081a00000, 0x0000000081a00000| Untracked 
|  27|0x0000000081b00000, 0x0000000081c00000, 0x0000000081c00000|100%| O|  |TAMS 0x0000000081b00000, 0x0000000081b00000| Untracked 
|  28|0x0000000081c00000, 0x0000000081d00000, 0x0000000081d00000|100%| O|  |TAMS 0x0000000081c00000, 0x0000000081c00000| Untracked 
|  29|0x0000000081d00000, 0x0000000081e00000, 0x0000000081e00000|100%|HS|  |TAMS 0x0000000081d00000, 0x0000000081d00000| Complete 
|  30|0x0000000081e00000, 0x0000000081f00000, 0x0000000081f00000|100%|HC|  |TAMS 0x0000000081e00000, 0x0000000081e00000| Complete 
|  31|0x0000000081f00000, 0x0000000082000000, 0x0000000082000000|100%|HS|  |TAMS 0x0000000081f00000, 0x0000000081f00000| Complete 
|  32|0x0000000082000000, 0x0000000082100000, 0x0000000082100000|100%|HS|  |TAMS 0x0000000082000000, 0x0000000082000000| Complete 
|  33|0x0000000082100000, 0x0000000082200000, 0x0000000082200000|100%|HC|  |TAMS 0x0000000082100000, 0x0000000082100000| Complete 
|  34|0x0000000082200000, 0x0000000082300000, 0x0000000082300000|100%|HC|  |TAMS 0x0000000082200000, 0x0000000082200000| Complete 
|  35|0x0000000082300000, 0x0000000082400000, 0x0000000082400000|100%|HC|  |TAMS 0x0000000082300000, 0x0000000082300000| Complete 
|  36|0x0000000082400000, 0x0000000082400000, 0x0000000082500000|  0%| F|  |TAMS 0x0000000082400000, 0x0000000082400000| Untracked 
|  37|0x0000000082500000, 0x0000000082600000, 0x0000000082600000|100%| O|  |TAMS 0x0000000082500000, 0x0000000082500000| Untracked 
|  38|0x0000000082600000, 0x0000000082700000, 0x0000000082700000|100%| O|  |TAMS 0x0000000082600000, 0x0000000082600000| Untracked 
|  39|0x0000000082700000, 0x0000000082800000, 0x0000000082800000|100%| O|  |TAMS 0x0000000082700000, 0x0000000082700000| Untracked 
|  40|0x0000000082800000, 0x0000000082879c00, 0x0000000082900000| 47%| O|  |TAMS 0x0000000082800000, 0x0000000082800000| Untracked 
|  41|0x0000000082900000, 0x0000000082900000, 0x0000000082a00000|  0%| F|  |TAMS 0x0000000082900000, 0x0000000082900000| Untracked 
|  42|0x0000000082a00000, 0x0000000082a00000, 0x0000000082b00000|  0%| F|  |TAMS 0x0000000082a00000, 0x0000000082a00000| Untracked 
|  43|0x0000000082b00000, 0x0000000082b00000, 0x0000000082c00000|  0%| F|  |TAMS 0x0000000082b00000, 0x0000000082b00000| Untracked 
|  44|0x0000000082c00000, 0x0000000082c00000, 0x0000000082d00000|  0%| F|  |TAMS 0x0000000082c00000, 0x0000000082c00000| Untracked 
|  45|0x0000000082d00000, 0x0000000082d00000, 0x0000000082e00000|  0%| F|  |TAMS 0x0000000082d00000, 0x0000000082d00000| Untracked 
|  46|0x0000000082e00000, 0x0000000082e00000, 0x0000000082f00000|  0%| F|  |TAMS 0x0000000082e00000, 0x0000000082e00000| Untracked 
|  47|0x0000000082f00000, 0x0000000082f00000, 0x0000000083000000|  0%| F|  |TAMS 0x0000000082f00000, 0x0000000082f00000| Untracked 
|  48|0x0000000083000000, 0x0000000083000000, 0x0000000083100000|  0%| F|  |TAMS 0x0000000083000000, 0x0000000083000000| Untracked 
|  49|0x0000000083100000, 0x0000000083100000, 0x0000000083200000|  0%| F|  |TAMS 0x0000000083100000, 0x0000000083100000| Untracked 
|  50|0x0000000083200000, 0x0000000083200000, 0x0000000083300000|  0%| F|  |TAMS 0x0000000083200000, 0x0000000083200000| Untracked 
|  51|0x0000000083300000, 0x0000000083300000, 0x0000000083400000|  0%| F|  |TAMS 0x0000000083300000, 0x0000000083300000| Untracked 
|  52|0x0000000083400000, 0x0000000083400000, 0x0000000083500000|  0%| F|  |TAMS 0x0000000083400000, 0x0000000083400000| Untracked 
|  53|0x0000000083500000, 0x0000000083500000, 0x0000000083600000|  0%| F|  |TAMS 0x0000000083500000, 0x0000000083500000| Untracked 
|  54|0x0000000083600000, 0x0000000083600000, 0x0000000083700000|  0%| F|  |TAMS 0x0000000083600000, 0x0000000083600000| Untracked 
|  55|0x0000000083700000, 0x0000000083700000, 0x0000000083800000|  0%| F|  |TAMS 0x0000000083700000, 0x0000000083700000| Untracked 
|  56|0x0000000083800000, 0x0000000083800000, 0x0000000083900000|  0%| F|  |TAMS 0x0000000083800000, 0x0000000083800000| Untracked 
|  57|0x0000000083900000, 0x0000000083900000, 0x0000000083a00000|  0%| F|  |TAMS 0x0000000083900000, 0x0000000083900000| Untracked 
|  58|0x0000000083a00000, 0x0000000083a00000, 0x0000000083b00000|  0%| F|  |TAMS 0x0000000083a00000, 0x0000000083a00000| Untracked 
|  59|0x0000000083b00000, 0x0000000083b00000, 0x0000000083c00000|  0%| F|  |TAMS 0x0000000083b00000, 0x0000000083b00000| Untracked 
|  60|0x0000000083c00000, 0x0000000083c00000, 0x0000000083d00000|  0%| F|  |TAMS 0x0000000083c00000, 0x0000000083c00000| Untracked 
|  61|0x0000000083d00000, 0x0000000083d00000, 0x0000000083e00000|  0%| F|  |TAMS 0x0000000083d00000, 0x0000000083d00000| Untracked 
|  62|0x0000000083e00000, 0x0000000083e00000, 0x0000000083f00000|  0%| F|  |TAMS 0x0000000083e00000, 0x0000000083e00000| Untracked 
|  63|0x0000000083f00000, 0x0000000083f00000, 0x0000000084000000|  0%| F|  |TAMS 0x0000000083f00000, 0x0000000083f00000| Untracked 
|  64|0x0000000084000000, 0x0000000084000000, 0x0000000084100000|  0%| F|  |TAMS 0x0000000084000000, 0x0000000084000000| Untracked 
|  65|0x0000000084100000, 0x0000000084100000, 0x0000000084200000|  0%| F|  |TAMS 0x0000000084100000, 0x0000000084100000| Untracked 
|  66|0x0000000084200000, 0x0000000084200000, 0x0000000084300000|  0%| F|  |TAMS 0x0000000084200000, 0x0000000084200000| Untracked 
|  67|0x0000000084300000, 0x0000000084300000, 0x0000000084400000|  0%| F|  |TAMS 0x0000000084300000, 0x0000000084300000| Untracked 
|  68|0x0000000084400000, 0x0000000084400000, 0x0000000084500000|  0%| F|  |TAMS 0x0000000084400000, 0x0000000084400000| Untracked 
|  69|0x0000000084500000, 0x0000000084600000, 0x0000000084600000|100%| S|CS|TAMS 0x0000000084500000, 0x0000000084500000| Complete 
|  70|0x0000000084600000, 0x0000000084700000, 0x0000000084700000|100%| S|CS|TAMS 0x0000000084600000, 0x0000000084600000| Complete 
|  71|0x0000000084700000, 0x0000000084800000, 0x0000000084800000|100%| S|CS|TAMS 0x0000000084700000, 0x0000000084700000| Complete 
|  72|0x0000000084800000, 0x0000000084900000, 0x0000000084900000|100%| S|CS|TAMS 0x0000000084800000, 0x0000000084800000| Complete 
|  73|0x0000000084900000, 0x0000000084a00000, 0x0000000084a00000|100%| S|CS|TAMS 0x0000000084900000, 0x0000000084900000| Complete 
|  74|0x0000000084a00000, 0x0000000084b00000, 0x0000000084b00000|100%| S|CS|TAMS 0x0000000084a00000, 0x0000000084a00000| Complete 
|  75|0x0000000084b00000, 0x0000000084c00000, 0x0000000084c00000|100%| S|CS|TAMS 0x0000000084b00000, 0x0000000084b00000| Complete 
|  76|0x0000000084c00000, 0x0000000084d00000, 0x0000000084d00000|100%| S|CS|TAMS 0x0000000084c00000, 0x0000000084c00000| Complete 
|  77|0x0000000084d00000, 0x0000000084e00000, 0x0000000084e00000|100%| S|CS|TAMS 0x0000000084d00000, 0x0000000084d00000| Complete 
|  78|0x0000000084e00000, 0x0000000084e00000, 0x0000000084f00000|  0%| F|  |TAMS 0x0000000084e00000, 0x0000000084e00000| Untracked 
|  79|0x0000000084f00000, 0x0000000084f00000, 0x0000000085000000|  0%| F|  |TAMS 0x0000000084f00000, 0x0000000084f00000| Untracked 
|  80|0x0000000085000000, 0x0000000085000000, 0x0000000085100000|  0%| F|  |TAMS 0x0000000085000000, 0x0000000085000000| Untracked 
|  81|0x0000000085100000, 0x0000000085100000, 0x0000000085200000|  0%| F|  |TAMS 0x0000000085100000, 0x0000000085100000| Untracked 
|  82|0x0000000085200000, 0x0000000085200000, 0x0000000085300000|  0%| F|  |TAMS 0x0000000085200000, 0x0000000085200000| Untracked 
|  83|0x0000000085300000, 0x0000000085300000, 0x0000000085400000|  0%| F|  |TAMS 0x0000000085300000, 0x0000000085300000| Untracked 
|  84|0x0000000085400000, 0x0000000085400000, 0x0000000085500000|  0%| F|  |TAMS 0x0000000085400000, 0x0000000085400000| Untracked 
|  85|0x0000000085500000, 0x0000000085500000, 0x0000000085600000|  0%| F|  |TAMS 0x0000000085500000, 0x0000000085500000| Untracked 
|  86|0x0000000085600000, 0x0000000085600000, 0x0000000085700000|  0%| F|  |TAMS 0x0000000085600000, 0x0000000085600000| Untracked 
|  87|0x0000000085700000, 0x0000000085700000, 0x0000000085800000|  0%| F|  |TAMS 0x0000000085700000, 0x0000000085700000| Untracked 
|  88|0x0000000085800000, 0x0000000085800000, 0x0000000085900000|  0%| F|  |TAMS 0x0000000085800000, 0x0000000085800000| Untracked 
|  89|0x0000000085900000, 0x0000000085900000, 0x0000000085a00000|  0%| F|  |TAMS 0x0000000085900000, 0x0000000085900000| Untracked 
|  90|0x0000000085a00000, 0x0000000085a00000, 0x0000000085b00000|  0%| F|  |TAMS 0x0000000085a00000, 0x0000000085a00000| Untracked 
|  91|0x0000000085b00000, 0x0000000085b00000, 0x0000000085c00000|  0%| F|  |TAMS 0x0000000085b00000, 0x0000000085b00000| Untracked 
|  92|0x0000000085c00000, 0x0000000085c00000, 0x0000000085d00000|  0%| F|  |TAMS 0x0000000085c00000, 0x0000000085c00000| Untracked 
|  93|0x0000000085d00000, 0x0000000085d00000, 0x0000000085e00000|  0%| F|  |TAMS 0x0000000085d00000, 0x0000000085d00000| Untracked 
|  94|0x0000000085e00000, 0x0000000085e00000, 0x0000000085f00000|  0%| F|  |TAMS 0x0000000085e00000, 0x0000000085e00000| Untracked 
|  95|0x0000000085f00000, 0x0000000085f00000, 0x0000000086000000|  0%| F|  |TAMS 0x0000000085f00000, 0x0000000085f00000| Untracked 
|  96|0x0000000086000000, 0x0000000086000000, 0x0000000086100000|  0%| F|  |TAMS 0x0000000086000000, 0x0000000086000000| Untracked 
|  97|0x0000000086100000, 0x0000000086100000, 0x0000000086200000|  0%| F|  |TAMS 0x0000000086100000, 0x0000000086100000| Untracked 
|  98|0x0000000086200000, 0x0000000086200000, 0x0000000086300000|  0%| F|  |TAMS 0x0000000086200000, 0x0000000086200000| Untracked 
|  99|0x0000000086300000, 0x0000000086300000, 0x0000000086400000|  0%| F|  |TAMS 0x0000000086300000, 0x0000000086300000| Untracked 
| 100|0x0000000086400000, 0x0000000086400000, 0x0000000086500000|  0%| F|  |TAMS 0x0000000086400000, 0x0000000086400000| Untracked 
| 101|0x0000000086500000, 0x0000000086580800, 0x0000000086600000| 50%| E|  |TAMS 0x0000000086500000, 0x0000000086500000| Complete 
| 102|0x0000000086600000, 0x0000000086700000, 0x0000000086700000|100%| E|CS|TAMS 0x0000000086600000, 0x0000000086600000| Complete 
| 103|0x0000000086700000, 0x0000000086800000, 0x0000000086800000|100%| E|CS|TAMS 0x0000000086700000, 0x0000000086700000| Complete 
| 104|0x0000000086800000, 0x0000000086900000, 0x0000000086900000|100%| E|CS|TAMS 0x0000000086800000, 0x0000000086800000| Complete 
| 105|0x0000000086900000, 0x0000000086a00000, 0x0000000086a00000|100%| E|CS|TAMS 0x0000000086900000, 0x0000000086900000| Complete 
| 106|0x0000000086a00000, 0x0000000086b00000, 0x0000000086b00000|100%| E|CS|TAMS 0x0000000086a00000, 0x0000000086a00000| Complete 
| 107|0x0000000086b00000, 0x0000000086c00000, 0x0000000086c00000|100%| E|CS|TAMS 0x0000000086b00000, 0x0000000086b00000| Complete 
| 108|0x0000000086c00000, 0x0000000086d00000, 0x0000000086d00000|100%| E|CS|TAMS 0x0000000086c00000, 0x0000000086c00000| Complete 
| 109|0x0000000086d00000, 0x0000000086e00000, 0x0000000086e00000|100%| E|CS|TAMS 0x0000000086d00000, 0x0000000086d00000| Complete 
| 110|0x0000000086e00000, 0x0000000086f00000, 0x0000000086f00000|100%| E|CS|TAMS 0x0000000086e00000, 0x0000000086e00000| Complete 
| 111|0x0000000086f00000, 0x0000000087000000, 0x0000000087000000|100%| E|CS|TAMS 0x0000000086f00000, 0x0000000086f00000| Complete 
| 112|0x0000000087000000, 0x0000000087100000, 0x0000000087100000|100%| E|CS|TAMS 0x0000000087000000, 0x0000000087000000| Complete 
| 113|0x0000000087100000, 0x0000000087200000, 0x0000000087200000|100%| E|CS|TAMS 0x0000000087100000, 0x0000000087100000| Complete 
| 114|0x0000000087200000, 0x0000000087300000, 0x0000000087300000|100%| E|CS|TAMS 0x0000000087200000, 0x0000000087200000| Complete 
| 115|0x0000000087300000, 0x0000000087400000, 0x0000000087400000|100%| E|CS|TAMS 0x0000000087300000, 0x0000000087300000| Complete 
| 116|0x0000000087400000, 0x0000000087500000, 0x0000000087500000|100%| E|CS|TAMS 0x0000000087400000, 0x0000000087400000| Complete 
| 117|0x0000000087500000, 0x0000000087600000, 0x0000000087600000|100%| E|CS|TAMS 0x0000000087500000, 0x0000000087500000| Complete 
| 118|0x0000000087600000, 0x0000000087700000, 0x0000000087700000|100%| E|CS|TAMS 0x0000000087600000, 0x0000000087600000| Complete 
| 119|0x0000000087700000, 0x0000000087800000, 0x0000000087800000|100%| E|CS|TAMS 0x0000000087700000, 0x0000000087700000| Complete 
| 120|0x0000000087800000, 0x0000000087900000, 0x0000000087900000|100%| E|CS|TAMS 0x0000000087800000, 0x0000000087800000| Complete 
| 121|0x0000000087900000, 0x0000000087a00000, 0x0000000087a00000|100%| E|CS|TAMS 0x0000000087900000, 0x0000000087900000| Complete 
| 122|0x0000000087a00000, 0x0000000087b00000, 0x0000000087b00000|100%| E|CS|TAMS 0x0000000087a00000, 0x0000000087a00000| Complete 
| 123|0x0000000087b00000, 0x0000000087c00000, 0x0000000087c00000|100%| E|CS|TAMS 0x0000000087b00000, 0x0000000087b00000| Complete 
| 124|0x0000000087c00000, 0x0000000087d00000, 0x0000000087d00000|100%| E|CS|TAMS 0x0000000087c00000, 0x0000000087c00000| Complete 
| 125|0x0000000087d00000, 0x0000000087e00000, 0x0000000087e00000|100%| E|CS|TAMS 0x0000000087d00000, 0x0000000087d00000| Complete 
| 126|0x0000000087e00000, 0x0000000087f00000, 0x0000000087f00000|100%| E|CS|TAMS 0x0000000087e00000, 0x0000000087e00000| Complete 
| 127|0x0000000087f00000, 0x0000000088000000, 0x0000000088000000|100%| E|CS|TAMS 0x0000000087f00000, 0x0000000087f00000| Complete 
| 128|0x0000000088000000, 0x0000000088100000, 0x0000000088100000|100%| E|CS|TAMS 0x0000000088000000, 0x0000000088000000| Complete 
| 129|0x0000000088100000, 0x0000000088200000, 0x0000000088200000|100%| E|CS|TAMS 0x0000000088100000, 0x0000000088100000| Complete 
| 130|0x0000000088200000, 0x0000000088300000, 0x0000000088300000|100%| E|CS|TAMS 0x0000000088200000, 0x0000000088200000| Complete 
| 131|0x0000000088300000, 0x0000000088400000, 0x0000000088400000|100%| E|CS|TAMS 0x0000000088300000, 0x0000000088300000| Complete 
| 132|0x0000000088400000, 0x0000000088500000, 0x0000000088500000|100%| E|CS|TAMS 0x0000000088400000, 0x0000000088400000| Complete 
| 133|0x0000000088500000, 0x0000000088600000, 0x0000000088600000|100%| E|CS|TAMS 0x0000000088500000, 0x0000000088500000| Complete 
| 134|0x0000000088600000, 0x0000000088700000, 0x0000000088700000|100%| E|CS|TAMS 0x0000000088600000, 0x0000000088600000| Complete 
| 135|0x0000000088700000, 0x0000000088800000, 0x0000000088800000|100%| E|CS|TAMS 0x0000000088700000, 0x0000000088700000| Complete 
| 136|0x0000000088800000, 0x0000000088900000, 0x0000000088900000|100%| E|CS|TAMS 0x0000000088800000, 0x0000000088800000| Complete 
| 137|0x0000000088900000, 0x0000000088a00000, 0x0000000088a00000|100%| E|CS|TAMS 0x0000000088900000, 0x0000000088900000| Complete 
| 138|0x0000000088a00000, 0x0000000088b00000, 0x0000000088b00000|100%| E|CS|TAMS 0x0000000088a00000, 0x0000000088a00000| Complete 
| 139|0x0000000088b00000, 0x0000000088c00000, 0x0000000088c00000|100%| E|CS|TAMS 0x0000000088b00000, 0x0000000088b00000| Complete 
| 140|0x0000000088c00000, 0x0000000088d00000, 0x0000000088d00000|100%| E|CS|TAMS 0x0000000088c00000, 0x0000000088c00000| Complete 
| 141|0x0000000088d00000, 0x0000000088e00000, 0x0000000088e00000|100%| E|CS|TAMS 0x0000000088d00000, 0x0000000088d00000| Complete 

Card table byte_map: [0x000001eef57d0000,0x000001eef5bd0000] _byte_map_base: 0x000001eef53d0000

Marking Bits (Prev, Next): (CMBitMap*) 0x000001eef1393068, (CMBitMap*) 0x000001eef13930a0
 Prev Bits: [0x000001eef5fd0000, 0x000001eef7fd0000)
 Next Bits: [0x000001eef7fd0000, 0x000001eef9fd0000)

Polling page: 0x000001eef0b20000

Metaspace:

Usage:
  Non-class:     50.58 MB capacity,    49.59 MB ( 98%) used,   849.65 KB (  2%) free+waste,   169.25 KB ( <1%) overhead. 
      Class:      7.74 MB capacity,     7.14 MB ( 92%) used,   527.66 KB (  7%) free+waste,    80.81 KB (  1%) overhead. 
       Both:     58.32 MB capacity,    56.73 MB ( 97%) used,     1.35 MB (  2%) free+waste,   250.06 KB ( <1%) overhead. 

Virtual space:
  Non-class space:       52.00 MB reserved,      50.63 MB ( 97%) committed 
      Class space:        1.00 GB reserved,       7.82 MB ( <1%) committed 
             Both:        1.05 GB reserved,      58.45 MB (  5%) committed 

Chunk freelists:
   Non-Class:  50.00 KB
       Class:  15.00 KB
        Both:  65.00 KB

MaxMetaspaceSize: 17179869184.00 GB
CompressedClassSpaceSize: 1.00 GB
Initial GC threshold: 20.80 MB
Current GC threshold: 59.09 MB
CDS: off

CodeHeap 'non-profiled nmethods': size=120000Kb used=3073Kb max_used=3073Kb free=116926Kb
 bounds [0x000001ee87ad0000, 0x000001ee87de0000, 0x000001ee8f000000]
CodeHeap 'profiled nmethods': size=120000Kb used=12517Kb max_used=12517Kb free=107482Kb
 bounds [0x000001ee805a0000, 0x000001ee811e0000, 0x000001ee87ad0000]
CodeHeap 'non-nmethods': size=5760Kb used=2326Kb max_used=2340Kb free=3433Kb
 bounds [0x000001ee80000000, 0x000001ee80270000, 0x000001ee805a0000]
 total_blobs=6906 nmethods=6068 adapters=750
 compilation: enabled
              stopped_count=0, restarted_count=0
 full_count=0

Compilation events (20 events):
Event: 16.157 Thread 0x000001eefd5cd000 6072       3       java.lang.invoke.InvokerBytecodeGenerator::lookupPregenerated (292 bytes)
Event: 16.159 Thread 0x000001eefd5cd000 nmethod 6072 0x000001ee811c5f90 code [0x000001ee811c6360, 0x000001ee811c7d48]
Event: 16.159 Thread 0x000001eefd5cd000 6074       3       jdk.internal.org.objectweb.asm.ClassWriter::visitSource (36 bytes)
Event: 16.159 Thread 0x000001eefd5cd000 nmethod 6074 0x000001ee811c8510 code [0x000001ee811c8700, 0x000001ee811c8b98]
Event: 16.160 Thread 0x000001eefd5cd000 6079       3       java.util.ImmutableCollections$AbstractImmutableList::<init> (5 bytes)
Event: 16.160 Thread 0x000001eefd5cd000 nmethod 6079 0x000001ee811c8d10 code [0x000001ee811c8ee0, 0x000001ee811c90f8]
Event: 16.160 Thread 0x000001eefd5cd000 6080       3       java.lang.invoke.ClassSpecializer$Factory$1Var::nextIndex (18 bytes)
Event: 16.161 Thread 0x000001eefd5cd000 nmethod 6080 0x000001ee811c9210 code [0x000001ee811c93e0, 0x000001ee811c9698]
Event: 16.162 Thread 0x000001eefd5cd000 6083       3       java.lang.invoke.ClassSpecializer$Factory$1Var::<init> (146 bytes)
Event: 16.163 Thread 0x000001eefd5cd000 nmethod 6083 0x000001ee811c9810 code [0x000001ee811c9c20, 0x000001ee811cb518]
Event: 16.163 Thread 0x000001eefd5cd000 6084       3       java.lang.invoke.ClassSpecializer$Factory$1Var::nextSlotIndex (24 bytes)
Event: 16.163 Thread 0x000001eefd5cd000 nmethod 6084 0x000001ee811cbf10 code [0x000001ee811cc0e0, 0x000001ee811cc378]
Event: 16.163 Thread 0x000001eefd5cd000 6085       3       java.lang.invoke.ClassSpecializer::classBCName (8 bytes)
Event: 16.163 Thread 0x000001eefd5cd000 nmethod 6085 0x000001ee811cc490 code [0x000001ee811cc680, 0x000001ee811cc958]
Event: 16.163 Thread 0x000001eefd5cd000 6090       3       jdk.internal.org.objectweb.asm.MethodWriter::endFrame (53 bytes)
Event: 16.163 Thread 0x000001eefd5cd000 nmethod 6090 0x000001ee811ccb10 code [0x000001ee811ccd00, 0x000001ee811cd1c8]
Event: 16.164 Thread 0x000001eefd5cd000 6092       3       java.lang.invoke.LambdaFormBuffer::insertName (106 bytes)
Event: 16.164 Thread 0x000001eefd5cd000 nmethod 6092 0x000001ee811cd310 code [0x000001ee811cd4e0, 0x000001ee811cd6f8]
Event: 16.164 Thread 0x000001eefd5cd000 6095       3       sun.invoke.util.VerifyType::isNullReferenceConversion (45 bytes)
Event: 16.165 Thread 0x000001eefd5cd000 nmethod 6095 0x000001ee811cd810 code [0x000001ee811cda00, 0x000001ee811cdd18]

GC Heap History (20 events):
Event: 1.321 GC heap before
{Heap before GC invocations=0 (full 0):
 garbage-first heap   total 120832K, used 29696K [0x0000000080000000, 0x0000000100000000)
  region size 1024K, 24 young (24576K), 0 survivors (0K)
 Metaspace       used 10143K, capacity 10337K, committed 10624K, reserved 1058816K
  class space    used 1034K, capacity 1108K, committed 1152K, reserved 1048576K
}
Event: 1.329 GC heap after
{Heap after GC invocations=1 (full 0):
 garbage-first heap   total 120832K, used 9152K [0x0000000080000000, 0x0000000100000000)
  region size 1024K, 3 young (3072K), 3 survivors (3072K)
 Metaspace       used 10143K, capacity 10337K, committed 10624K, reserved 1058816K
  class space    used 1034K, capacity 1108K, committed 1152K, reserved 1048576K
}
Event: 3.629 GC heap before
{Heap before GC invocations=1 (full 0):
 garbage-first heap   total 120832K, used 78784K [0x0000000080000000, 0x0000000100000000)
  region size 1024K, 70 young (71680K), 3 survivors (3072K)
 Metaspace       used 17616K, capacity 18013K, committed 18176K, reserved 1064960K
  class space    used 2041K, capacity 2179K, committed 2304K, reserved 1048576K
}
Event: 3.635 GC heap after
{Heap after GC invocations=2 (full 0):
 garbage-first heap   total 120832K, used 16066K [0x0000000080000000, 0x0000000100000000)
  region size 1024K, 9 young (9216K), 9 survivors (9216K)
 Metaspace       used 17616K, capacity 18013K, committed 18176K, reserved 1064960K
  class space    used 2041K, capacity 2179K, committed 2304K, reserved 1048576K
}
Event: 4.023 GC heap before
{Heap before GC invocations=2 (full 0):
 garbage-first heap   total 120832K, used 45762K [0x0000000080000000, 0x0000000100000000)
  region size 1024K, 39 young (39936K), 9 survivors (9216K)
 Metaspace       used 20820K, capacity 21197K, committed 21296K, reserved 1069056K
  class space    used 2529K, capacity 2687K, committed 2688K, reserved 1048576K
}
Event: 4.033 GC heap after
{Heap after GC invocations=3 (full 0):
 garbage-first heap   total 120832K, used 17387K [0x0000000080000000, 0x0000000100000000)
  region size 1024K, 2 young (2048K), 2 survivors (2048K)
 Metaspace       used 20820K, capacity 21197K, committed 21296K, reserved 1069056K
  class space    used 2529K, capacity 2687K, committed 2688K, reserved 1048576K
}
Event: 4.666 GC heap before
{Heap before GC invocations=4 (full 0):
 garbage-first heap   total 120832K, used 65515K [0x0000000080000000, 0x0000000100000000)
  region size 1024K, 49 young (50176K), 2 survivors (2048K)
 Metaspace       used 25903K, capacity 26507K, committed 26620K, reserved 1073152K
  class space    used 3345K, capacity 3551K, committed 3660K, reserved 1048576K
}
Event: 4.668 GC heap after
{Heap after GC invocations=5 (full 0):
 garbage-first heap   total 120832K, used 19093K [0x0000000080000000, 0x0000000100000000)
  region size 1024K, 3 young (3072K), 3 survivors (3072K)
 Metaspace       used 25903K, capacity 26507K, committed 26620K, reserved 1073152K
  class space    used 3345K, capacity 3551K, committed 3660K, reserved 1048576K
}
Event: 5.303 GC heap before
{Heap before GC invocations=5 (full 0):
 garbage-first heap   total 120832K, used 72341K [0x0000000080000000, 0x0000000100000000)
  region size 1024K, 55 young (56320K), 3 survivors (3072K)
 Metaspace       used 30769K, capacity 31591K, committed 31868K, reserved 1077248K
  class space    used 4110K, capacity 4422K, committed 4556K, reserved 1048576K
}
Event: 5.306 GC heap after
{Heap after GC invocations=6 (full 0):
 garbage-first heap   total 120832K, used 20587K [0x0000000080000000, 0x0000000100000000)
  region size 1024K, 5 young (5120K), 5 survivors (5120K)
 Metaspace       used 30769K, capacity 31591K, committed 31868K, reserved 1077248K
  class space    used 4110K, capacity 4422K, committed 4556K, reserved 1048576K
}
Event: 6.060 GC heap before
{Heap before GC invocations=6 (full 0):
 garbage-first heap   total 120832K, used 40043K [0x0000000080000000, 0x0000000100000000)
  region size 1024K, 25 young (25600K), 5 survivors (5120K)
 Metaspace       used 35093K, capacity 35957K, committed 36048K, reserved 1081344K
  class space    used 4572K, capacity 4921K, committed 4940K, reserved 1048576K
}
Event: 6.073 GC heap after
{Heap after GC invocations=7 (full 0):
 garbage-first heap   total 120832K, used 22676K [0x0000000080000000, 0x0000000100000000)
  region size 1024K, 6 young (6144K), 6 survivors (6144K)
 Metaspace       used 35093K, capacity 35957K, committed 36048K, reserved 1081344K
  class space    used 4572K, capacity 4921K, committed 4940K, reserved 1048576K
}
Event: 8.755 GC heap before
{Heap before GC invocations=8 (full 0):
 garbage-first heap   total 120832K, used 80020K [0x0000000080000000, 0x0000000100000000)
  region size 1024K, 60 young (61440K), 6 survivors (6144K)
 Metaspace       used 40694K, capacity 41681K, committed 41808K, reserved 1085440K
  class space    used 5135K, capacity 5521K, committed 5580K, reserved 1048576K
}
Event: 8.766 GC heap after
{Heap after GC invocations=9 (full 0):
 garbage-first heap   total 120832K, used 28120K [0x0000000080000000, 0x0000000100000000)
  region size 1024K, 8 young (8192K), 8 survivors (8192K)
 Metaspace       used 40694K, capacity 41681K, committed 41808K, reserved 1085440K
  class space    used 5135K, capacity 5521K, committed 5580K, reserved 1048576K
}
Event: 9.860 GC heap before
{Heap before GC invocations=9 (full 0):
 garbage-first heap   total 120832K, used 82392K [0x0000000080000000, 0x0000000100000000)
  region size 1024K, 61 young (62464K), 8 survivors (8192K)
 Metaspace       used 45261K, capacity 46287K, committed 46544K, reserved 1089536K
  class space    used 5738K, capacity 6150K, committed 6220K, reserved 1048576K
}
Event: 9.886 GC heap after
{Heap after GC invocations=10 (full 0):
 garbage-first heap   total 120832K, used 31430K [0x0000000080000000, 0x0000000100000000)
  region size 1024K, 4 young (4096K), 4 survivors (4096K)
 Metaspace       used 45261K, capacity 46287K, committed 46544K, reserved 1089536K
  class space    used 5738K, capacity 6150K, committed 6220K, reserved 1048576K
}
Event: 12.667 GC heap before
{Heap before GC invocations=10 (full 0):
 garbage-first heap   total 120832K, used 85702K [0x0000000080000000, 0x0000000100000000)
  region size 1024K, 57 young (58368K), 4 survivors (4096K)
 Metaspace       used 49104K, capacity 50294K, committed 50384K, reserved 1093632K
  class space    used 6236K, capacity 6675K, committed 6732K, reserved 1048576K
}
Event: 12.676 GC heap after
{Heap after GC invocations=11 (full 0):
 garbage-first heap   total 145408K, used 32877K [0x0000000080000000, 0x0000000100000000)
  region size 1024K, 5 young (5120K), 5 survivors (5120K)
 Metaspace       used 49104K, capacity 50294K, committed 50384K, reserved 1093632K
  class space    used 6236K, capacity 6675K, committed 6732K, reserved 1048576K
}
Event: 15.301 GC heap before
{Heap before GC invocations=11 (full 0):
 garbage-first heap   total 145408K, used 106605K [0x0000000080000000, 0x0000000100000000)
  region size 1024K, 69 young (70656K), 5 survivors (5120K)
 Metaspace       used 52461K, capacity 53857K, committed 53968K, reserved 1095680K
  class space    used 6661K, capacity 7230K, committed 7244K, reserved 1048576K
}
Event: 15.317 GC heap after
{Heap after GC invocations=12 (full 0):
 garbage-first heap   total 145408K, used 49639K [0x0000000080000000, 0x0000000100000000)
  region size 1024K, 9 young (9216K), 9 survivors (9216K)
 Metaspace       used 52461K, capacity 53857K, committed 53968K, reserved 1095680K
  class space    used 6661K, capacity 7230K, committed 7244K, reserved 1048576K
}

Deoptimization events (20 events):
Event: 15.289 Thread 0x000001eeff11c800 Uncommon trap: trap_request=0xffffff4d fr.pc=0x000001ee87b91320 relative=0x0000000000000080
Event: 15.289 Thread 0x000001eeff11c800 Uncommon trap: reason=unstable_if action=reinterpret pc=0x000001ee87b91320 method=java.lang.CharacterDataLatin1.isWhitespace(I)Z @ 14 c2
Event: 15.289 Thread 0x000001eeff11c800 DEOPT PACKING pc=0x000001ee87b91320 sp=0x0000001fd67f5590
Event: 15.289 Thread 0x000001eeff11c800 DEOPT UNPACKING pc=0x000001ee8004a1af sp=0x0000001fd67f5500 mode 2
Event: 15.294 Thread 0x000001eeff11c800 Uncommon trap: trap_request=0xffffff4d fr.pc=0x000001ee87c81914 relative=0x00000000000003d4
Event: 15.294 Thread 0x000001eeff11c800 Uncommon trap: reason=unstable_if action=reinterpret pc=0x000001ee87c81914 method=java.lang.String.substring(I)Ljava/lang/String; @ 43 c2
Event: 15.294 Thread 0x000001eeff11c800 DEOPT PACKING pc=0x000001ee87c81914 sp=0x0000001fd67f5600
Event: 15.294 Thread 0x000001eeff11c800 DEOPT UNPACKING pc=0x000001ee8004a1af sp=0x0000001fd67f55d8 mode 2
Event: 15.294 Thread 0x000001eeff11c800 Uncommon trap: trap_request=0xffffff4d fr.pc=0x000001ee87b04b68 relative=0x0000000000000428
Event: 15.294 Thread 0x000001eeff11c800 Uncommon trap: reason=unstable_if action=reinterpret pc=0x000001ee87b04b68 method=java.lang.AbstractStringBuilder.putStringAt(ILjava/lang/String;)V @ 8 c2
Event: 15.294 Thread 0x000001eeff11c800 DEOPT PACKING pc=0x000001ee87b04b68 sp=0x0000001fd67f53b0
Event: 15.294 Thread 0x000001eeff11c800 DEOPT UNPACKING pc=0x000001ee8004a1af sp=0x0000001fd67f5310 mode 2
Event: 15.514 Thread 0x000001eeff11c800 Uncommon trap: trap_request=0xffffff4d fr.pc=0x000001ee87c45764 relative=0x00000000000006e4
Event: 15.515 Thread 0x000001eeff11c800 Uncommon trap: reason=unstable_if action=reinterpret pc=0x000001ee87c45764 method=java.io.BufferedInputStream.read([BII)I @ 56 c2
Event: 15.515 Thread 0x000001eeff11c800 DEOPT PACKING pc=0x000001ee87c45764 sp=0x0000001fd67f7230
Event: 15.515 Thread 0x000001eeff11c800 DEOPT UNPACKING pc=0x000001ee8004a1af sp=0x0000001fd67f71e8 mode 2
Event: 16.093 Thread 0x000001eeff11c800 Uncommon trap: trap_request=0xffffffde fr.pc=0x000001ee87d3205c relative=0x000000000000125c
Event: 16.093 Thread 0x000001eeff11c800 Uncommon trap: reason=class_check action=maybe_recompile pc=0x000001ee87d3205c method=jdk.internal.loader.BuiltinClassLoader.loadClassOrNull(Ljava/lang/String;Z)Ljava/lang/Class; @ 86 c2
Event: 16.093 Thread 0x000001eeff11c800 DEOPT PACKING pc=0x000001ee87d3205c sp=0x0000001fd67f5950
Event: 16.093 Thread 0x000001eeff11c800 DEOPT UNPACKING pc=0x000001ee8004a1af sp=0x0000001fd67f5908 mode 2

Classes redefined (0 events):
No events

Internal exceptions (20 events):
Event: 14.541 Thread 0x000001eeff11c800 Exception <a 'java/security/PrivilegedActionException'{0x00000000867ca4c0}> (0x00000000867ca4c0) thrown at [src/hotspot/share/prims/jvm.cpp, line 1306]
Event: 14.541 Thread 0x000001eeff11c800 Exception <a 'java/security/PrivilegedActionException'{0x00000000867cd368}> (0x00000000867cd368) thrown at [src/hotspot/share/prims/jvm.cpp, line 1306]
Event: 14.541 Thread 0x000001eeff11c800 Exception <a 'java/security/PrivilegedActionException'{0x00000000867ce8d0}> (0x00000000867ce8d0) thrown at [src/hotspot/share/prims/jvm.cpp, line 1306]
Event: 14.541 Thread 0x000001eeff11c800 Exception <a 'java/security/PrivilegedActionException'{0x00000000867d17c8}> (0x00000000867d17c8) thrown at [src/hotspot/share/prims/jvm.cpp, line 1306]
Event: 14.541 Thread 0x000001eeff11c800 Exception <a 'java/security/PrivilegedActionException'{0x00000000867d2d30}> (0x00000000867d2d30) thrown at [src/hotspot/share/prims/jvm.cpp, line 1306]
Event: 14.541 Thread 0x000001eeff11c800 Exception <a 'java/security/PrivilegedActionException'{0x00000000867d5c88}> (0x00000000867d5c88) thrown at [src/hotspot/share/prims/jvm.cpp, line 1306]
Event: 14.541 Thread 0x000001eeff11c800 Exception <a 'java/security/PrivilegedActionException'{0x00000000867d71f0}> (0x00000000867d71f0) thrown at [src/hotspot/share/prims/jvm.cpp, line 1306]
Event: 14.851 Thread 0x000001eeff11c800 Exception <a 'java/lang/ClassNotFoundException'{0x00000000861ad620}: org/gradle/api/internal/plugins/DefaultObjectConfigurationActionBeanInfo> (0x00000000861ad620) thrown at [src/hotspot/share/classfile/systemDictionary.cpp, line 230]
Event: 14.853 Thread 0x000001eeff11c800 Exception <a 'java/lang/ClassNotFoundException'{0x00000000861e4c10}: org/gradle/api/internal/plugins/DefaultObjectConfigurationActionCustomizer> (0x00000000861e4c10) thrown at [src/hotspot/share/classfile/systemDictionary.cpp, line 230]
Event: 15.121 Thread 0x000001eeff11c800 Exception <a 'java/lang/NoSuchMethodError'{0x0000000085524fb0}: 'java.lang.Object java.lang.invoke.DirectMethodHandle$Holder.invokeStatic(java.lang.Object, java.lang.Object, java.lang.Object, java.lang.Object, int)'> (0x0000000085524fb0) thrown at [src/hotspot/share/interpreter/linkResolver.cpp, line 773]
Event: 15.122 Thread 0x000001eeff11c800 Exception <a 'java/lang/NoSuchMethodError'{0x00000000855299a8}: 'java.lang.Object java.lang.invoke.DirectMethodHandle$Holder.invokeSpecial(java.lang.Object, java.lang.Object, java.lang.Object, java.lang.Object, java.lang.Object, int)'> (0x00000000855299a8) thrown at [src/hotspot/share/interpreter/linkResolver.cpp, line 773]
Event: 15.122 Thread 0x000001eeff11c800 Exception <a 'java/lang/NoSuchMethodError'{0x000000008552dfe8}: 'java.lang.Object java.lang.invoke.Invokers$Holder.linkToTargetMethod(java.lang.Object, java.lang.Object, java.lang.Object, int, java.lang.Object)'> (0x000000008552dfe8) thrown at [src/hotspot/share/interpreter/linkResolver.cpp, line 773]
Event: 15.142 Thread 0x000001eeff11c800 Exception <a 'java/lang/NoSuchMethodError'{0x00000000855f4fa0}: 'java.lang.Object java.lang.invoke.Invokers$Holder.linkToTargetMethod(java.lang.Object, int, int, java.lang.Object)'> (0x00000000855f4fa0) thrown at [src/hotspot/share/interpreter/linkResolver.cpp, line 773]
Event: 15.144 Thread 0x000001eeff11c800 Exception <a 'java/lang/NoSuchMethodError'{0x000000008540cd90}: 'java.lang.Object java.lang.invoke.DirectMethodHandle$Holder.invokeStatic(java.lang.Object, java.lang.Object, int, int, java.lang.Object, java.lang.Object)'> (0x000000008540cd90) thrown at [src/hotspot/share/interpreter/linkResolver.cpp, line 773]
Event: 15.552 Thread 0x000001eeff11c800 Exception <a 'java/lang/NoSuchMethodError'{0x00000000885e4d28}: 'java.lang.Object java.lang.invoke.DirectMethodHandle$Holder.invokeStatic(java.lang.Object, java.lang.Object, java.lang.Object, java.lang.Object, java.lang.Object, java.lang.Object, java.lang.Object, java.lang.Object, java.lang.Object, java.lang.Object, java.lang.Object, java.lang.Object, java.lang.Object, int)'> (0x00000000885e4d28) thrown at [src/hotspot/share/interpreter/linkResolver.cpp, line 773]
Event: 15.554 Thread 0x000001eeff11c800 Exception <a 'java/lang/NoSuchMethodError'{0x00000000885f2710}: 'java.lang.Object java.lang.invoke.DirectMethodHandle$Holder.invokeStatic(java.lang.Object, java.lang.Object, java.lang.Object, java.lang.Object, java.lang.Object, java.lang.Object, java.lang.Object, java.lang.Object, java.lang.Object, java.lang.Object, java.lang.Object, java.lang.Object, java.lang.Object, int, int)'> (0x00000000885f2710) thrown at [src/hotspot/share/interpreter/linkResolver.cpp, line 773]
Event: 15.608 Thread 0x000001eeff11c800 Exception <a 'java/lang/NoSuchMethodError'{0x000000008824b408}: 'int java.lang.invoke.DirectMethodHandle$Holder.invokeInterface(java.lang.Object, java.lang.Object, java.lang.Object, java.lang.Object)'> (0x000000008824b408) thrown at [src/hotspot/share/interpreter/linkResolver.cpp, line 773]
Event: 16.158 Thread 0x000001eeff11c800 Exception <a 'java/lang/NoSuchMethodError'{0x00000000869238c0}: 'java.lang.Object java.lang.invoke.DirectMethodHandle$Holder.invokeSpecial(java.lang.Object, java.lang.Object, int, int, int, java.lang.Object, java.lang.Object, java.lang.Object, java.lang.Object)'> (0x00000000869238c0) thrown at [src/hotspot/share/interpreter/linkResolver.cpp, line 773]
Event: 16.158 Thread 0x000001eeff11c800 Exception <a 'java/lang/NoSuchMethodError'{0x0000000086928068}: 'java.lang.Object java.lang.invoke.DelegatingMethodHandle$Holder.reinvoke_L(java.lang.Object, int, int, int, java.lang.Object, java.lang.Object, java.lang.Object, java.lang.Object)'> (0x0000000086928068) thrown at [src/hotspot/share/interpreter/linkResolver.cpp, line 773]
Event: 16.160 Thread 0x000001eeff11c800 Exception <a 'java/lang/NoSuchMethodError'{0x00000000869307c8}: 'java.lang.Object java.lang.invoke.DirectMethodHandle$Holder.invokeStatic(java.lang.Object, java.lang.Object, java.lang.Object, java.lang.Object, java.lang.Object, int)'> (0x00000000869307c8) thrown at [src/hotspot/share/interpreter/linkResolver.cpp, line 773]

Events (20 events):
Event: 16.160 loading class java/lang/invoke/BoundMethodHandle$Species_LLII
Event: 16.160 loading class java/lang/invoke/BoundMethodHandle$Species_LLII done
Event: 16.161 loading class java/lang/invoke/BoundMethodHandle$Species_LLIIL
Event: 16.161 loading class java/lang/invoke/BoundMethodHandle$Species_LLIIL done
Event: 16.162 loading class java/lang/invoke/BoundMethodHandle$Species_LLIILL
Event: 16.162 loading class java/lang/invoke/BoundMethodHandle$Species_LLIILL done
Event: 16.163 loading class java/lang/invoke/BoundMethodHandle$Species_LLIILLL
Event: 16.163 loading class java/lang/invoke/BoundMethodHandle$Species_LLIILLL done
Event: 16.164 loading class java/lang/invoke/BoundMethodHandle$Species_LLIILLLL
Event: 16.164 loading class java/lang/invoke/BoundMethodHandle$Species_LLIILLLL done
Event: 16.165 loading class com/android/build/gradle/internal/utils/GradlePluginUtils$enforceMinimumVersionsOfPlugins$1
Event: 16.165 loading class com/android/build/gradle/internal/utils/GradlePluginUtils$enforceMinimumVersionsOfPlugins$1 done
Event: 16.166 loading class org/gradle/configuration/internal/DefaultListenerBuildOperationDecorator$BuildOperationEmittingAction
Event: 16.166 loading class org/gradle/configuration/internal/DefaultListenerBuildOperationDecorator$BuildOperationEmittingAction done
Event: 16.167 loading class org/gradle/api/plugins/JavaBasePlugin
Event: 16.167 loading class org/gradle/api/plugins/JavaBasePlugin done
Event: 16.167 loading class org/gradle/api/plugins/JavaBasePlugin
Event: 16.167 loading class org/gradle/api/plugins/JavaBasePlugin done
Event: 16.170 loading class org/gradle/api/plugins/PluginContainer
Event: 16.170 loading class org/gradle/api/plugins/PluginContainer done


Dynamic libraries:
0x00007ff6b97f0000 - 0x00007ff6b97fa000 	D:\AndroidStudio\jbr\bin\java.exe
0x00007ffebf470000 - 0x00007ffebf684000 	C:\windows\SYSTEM32\ntdll.dll
0x00007ffebde90000 - 0x00007ffebdf52000 	C:\windows\System32\KERNEL32.DLL
0x00007ffebce70000 - 0x00007ffebd20c000 	C:\windows\System32\KERNELBASE.dll
0x00007ffebc8b0000 - 0x00007ffebc9c1000 	C:\windows\System32\ucrtbase.dll
0x00007ffe84570000 - 0x00007ffe8458b000 	D:\AndroidStudio\jbr\bin\VCRUNTIME140.dll
0x00007ffe84550000 - 0x00007ffe84567000 	D:\AndroidStudio\jbr\bin\jli.dll
0x00007ffebd500000 - 0x00007ffebd6ab000 	C:\windows\System32\USER32.dll
0x00007ffea32f0000 - 0x00007ffea357e000 	C:\windows\WinSxS\amd64_microsoft.windows.common-controls_6595b64144ccf1df_6.0.22621.608_none_a9444ca7c10bb01d\COMCTL32.dll
0x00007ffebcc60000 - 0x00007ffebcc86000 	C:\windows\System32\win32u.dll
0x00007ffebe140000 - 0x00007ffebe169000 	C:\windows\System32\GDI32.dll
0x00007ffebc9d0000 - 0x00007ffebcae3000 	C:\windows\System32\gdi32full.dll
0x00007ffebcdd0000 - 0x00007ffebce6a000 	C:\windows\System32\msvcp_win.dll
0x00007ffebd450000 - 0x00007ffebd4f7000 	C:\windows\System32\msvcrt.dll
0x00007ffebdc80000 - 0x00007ffebdcb1000 	C:\windows\System32\IMM32.DLL
0x00007ffe84540000 - 0x00007ffe8454c000 	D:\AndroidStudio\jbr\bin\vcruntime140_1.dll
0x00007ffe844b0000 - 0x00007ffe8453d000 	D:\AndroidStudio\jbr\bin\msvcp140.dll
0x00007ffe4acb0000 - 0x00007ffe4b86c000 	D:\AndroidStudio\jbr\bin\server\jvm.dll
0x00007ffebdde0000 - 0x00007ffebde8e000 	C:\windows\System32\ADVAPI32.dll
0x00007ffebdf60000 - 0x00007ffebe004000 	C:\windows\System32\sechost.dll
0x00007ffebdcc0000 - 0x00007ffebddd7000 	C:\windows\System32\RPCRT4.dll
0x00007ffebece0000 - 0x00007ffebece8000 	C:\windows\System32\PSAPI.DLL
0x00007ffeb4fe0000 - 0x00007ffeb5014000 	C:\windows\SYSTEM32\WINMM.dll
0x00007ffeb9950000 - 0x00007ffeb9959000 	C:\windows\SYSTEM32\WSOCK32.dll
0x00007ffeb2a20000 - 0x00007ffeb2a2a000 	C:\windows\SYSTEM32\VERSION.dll
0x00007ffebd6b0000 - 0x00007ffebd721000 	C:\windows\System32\WS2_32.dll
0x00007ffebb940000 - 0x00007ffebb958000 	C:\windows\SYSTEM32\kernel.appcore.dll
0x00007ffeb9930000 - 0x00007ffeb9940000 	D:\AndroidStudio\jbr\bin\verify.dll
0x00007ffea9eb0000 - 0x00007ffeaa0de000 	C:\windows\SYSTEM32\DBGHELP.DLL
0x00007ffebd790000 - 0x00007ffebdb19000 	C:\windows\System32\combase.dll
0x00007ffebd2e0000 - 0x00007ffebd3b7000 	C:\windows\System32\OLEAUT32.dll
0x00007ffea1aa0000 - 0x00007ffea1ad2000 	C:\windows\SYSTEM32\dbgcore.DLL
0x00007ffebcc90000 - 0x00007ffebcd0b000 	C:\windows\System32\bcryptPrimitives.dll
0x00007ffeb6a10000 - 0x00007ffeb6a38000 	D:\AndroidStudio\jbr\bin\java.dll
0x00007ffeb9920000 - 0x00007ffeb992a000 	D:\AndroidStudio\jbr\bin\jimage.dll
0x00007ffeb69f0000 - 0x00007ffeb6a08000 	D:\AndroidStudio\jbr\bin\zip.dll
0x00007ffebe470000 - 0x00007ffebec60000 	C:\windows\System32\SHELL32.dll
0x00007ffeba870000 - 0x00007ffebb13d000 	C:\windows\SYSTEM32\windows.storage.dll
0x00007ffeba730000 - 0x00007ffeba86e000 	C:\windows\SYSTEM32\wintypes.dll
0x00007ffebecf0000 - 0x00007ffebede1000 	C:\windows\System32\SHCORE.dll
0x00007ffebd730000 - 0x00007ffebd78e000 	C:\windows\System32\shlwapi.dll
0x00007ffebc7e0000 - 0x00007ffebc801000 	C:\windows\SYSTEM32\profapi.dll
0x00007ffeb5930000 - 0x00007ffeb5949000 	D:\AndroidStudio\jbr\bin\net.dll
0x00007ffeb6c90000 - 0x00007ffeb6dc7000 	C:\windows\SYSTEM32\WINHTTP.dll
0x00007ffebbde0000 - 0x00007ffebbe49000 	C:\windows\system32\mswsock.dll
0x00007ffeb5910000 - 0x00007ffeb5923000 	D:\AndroidStudio\jbr\bin\nio.dll
0x00007ffe91a30000 - 0x00007ffe91a57000 	C:\Users\hplap\.gradle\native\e1d6ef7f7dcc3fd88c89a11ec53ec762bb8ba0a96d01ffa2cd45eb1d1d8dd5c5\windows-amd64\native-platform.dll
0x00007ffe84360000 - 0x00007ffe844a4000 	C:\Users\hplap\.gradle\native\0d407fdbe67a94daf76414ababcb853783967236a71b16ec16e742cd7a986fd3\windows-amd64\native-platform-file-events.dll
0x00007ffeb69e0000 - 0x00007ffeb69ea000 	D:\AndroidStudio\jbr\bin\management.dll
0x00007ffeb5900000 - 0x00007ffeb590b000 	D:\AndroidStudio\jbr\bin\management_ext.dll
0x00007ffebc0c0000 - 0x00007ffebc0db000 	C:\windows\SYSTEM32\CRYPTSP.dll
0x00007ffebb8b0000 - 0x00007ffebb8e5000 	C:\windows\system32\rsaenh.dll
0x00007ffebbf60000 - 0x00007ffebbf88000 	C:\windows\SYSTEM32\USERENV.dll
0x00007ffebc280000 - 0x00007ffebc2a8000 	C:\windows\SYSTEM32\bcrypt.dll
0x00007ffebc0e0000 - 0x00007ffebc0ec000 	C:\windows\SYSTEM32\CRYPTBASE.dll
0x00007ffebb380000 - 0x00007ffebb3ad000 	C:\windows\SYSTEM32\IPHLPAPI.DLL
0x00007ffebe110000 - 0x00007ffebe119000 	C:\windows\System32\NSI.dll
0x00007ffeb6170000 - 0x00007ffeb6189000 	C:\windows\SYSTEM32\dhcpcsvc6.DLL
0x00007ffeb6030000 - 0x00007ffeb604f000 	C:\windows\SYSTEM32\dhcpcsvc.DLL
0x00007ffebb3b0000 - 0x00007ffebb4a3000 	C:\windows\SYSTEM32\DNSAPI.dll

dbghelp: loaded successfully - version: 4.0.5 - missing functions: none
symbol engine: initialized successfully - sym options: 0x614 - pdb path: .;D:\AndroidStudio\jbr\bin;C:\windows\SYSTEM32;C:\windows\WinSxS\amd64_microsoft.windows.common-controls_6595b64144ccf1df_6.0.22621.608_none_a9444ca7c10bb01d;D:\AndroidStudio\jbr\bin\server;C:\Users\hplap\.gradle\native\e1d6ef7f7dcc3fd88c89a11ec53ec762bb8ba0a96d01ffa2cd45eb1d1d8dd5c5\windows-amd64;C:\Users\hplap\.gradle\native\0d407fdbe67a94daf76414ababcb853783967236a71b16ec16e742cd7a986fd3\windows-amd64

VM Arguments:
jvm_args: --add-opens=java.base/java.util=ALL-UNNAMED --add-opens=java.base/java.lang=ALL-UNNAMED --add-opens=java.base/java.lang.invoke=ALL-UNNAMED --add-opens=java.base/java.util=ALL-UNNAMED --add-opens=java.prefs/java.util.prefs=ALL-UNNAMED --add-opens=java.prefs/java.util.prefs=ALL-UNNAMED --add-opens=java.base/java.nio.charset=ALL-UNNAMED --add-opens=java.base/java.net=ALL-UNNAMED --add-opens=java.base/java.util.concurrent.atomic=ALL-UNNAMED -Xmx2048m -Dfile.encoding=UTF-8 -Duser.country=IN -Duser.language=en -Duser.variant 
java_command: org.gradle.launcher.daemon.bootstrap.GradleDaemon 7.5
java_class_path (initial): C:\Users\hplap\.gradle\wrapper\dists\gradle-7.5-bin\f1w0cc9nuo0eivz97x2xlu9sv\gradle-7.5\lib\gradle-launcher-7.5.jar
Launcher Type: SUN_STANDARD

[Global flags]
     intx CICompilerCount                          = 4                                         {product} {ergonomic}
     uint ConcGCThreads                            = 3                                         {product} {ergonomic}
     uint G1ConcRefinementThreads                  = 10                                        {product} {ergonomic}
   size_t G1HeapRegionSize                         = 1048576                                   {product} {ergonomic}
    uintx GCDrainStackTargetSize                   = 64                                        {product} {ergonomic}
   size_t InitialHeapSize                          = 123731968                                 {product} {ergonomic}
   size_t MarkStackSize                            = 4194304                                   {product} {ergonomic}
   size_t MaxHeapSize                              = 2147483648                                {product} {command line}
   size_t MaxNewSize                               = 1287651328                                {product} {ergonomic}
   size_t MinHeapDeltaBytes                        = 1048576                                   {product} {ergonomic}
    uintx NonNMethodCodeHeapSize                   = 5836300                                {pd product} {ergonomic}
    uintx NonProfiledCodeHeapSize                  = 122910970                              {pd product} {ergonomic}
    uintx ProfiledCodeHeapSize                     = 122910970                              {pd product} {ergonomic}
    uintx ReservedCodeCacheSize                    = 251658240                              {pd product} {ergonomic}
     bool SegmentedCodeCache                       = true                                      {product} {ergonomic}
     bool UseCompressedClassPointers               = true                                 {lp64_product} {ergonomic}
     bool UseCompressedOops                        = true                                 {lp64_product} {ergonomic}
     bool UseG1GC                                  = true                                      {product} {ergonomic}
     bool UseLargePagesIndividualAllocation        = false                                  {pd product} {ergonomic}

Logging:
Log output configuration:
 #0: stdout all=warning uptime,level,tags
 #1: stderr all=off uptime,level,tags

Environment Variables:
PATH=D:\VmWarePro\bin\;D:\pycharm\Scripts\;D:\pycharm\;C:\Program Files\Common Files\Oracle\Java\javapath;C:\windows\system32;C:\windows;C:\windows\System32\Wbem;C:\windows\System32\WindowsPowerShell\v1.0\;C:\windows\System32\OpenSSH\;C:\Program Files\nodejs\;C:\Program Files\Git\cmd;C:\Program Files\Docker\Docker\resources\bin;C:\Users\hplap\AppData\Local\Microsoft\WindowsApps;D:\vs code\Microsoft VS Code\bin;C:\Users\hplap\AppData\Roaming\npm;D:\intelj idea\IntelliJ IDEA Community Edition 2022.3.1\bin;D:\pycharm\PyCharm Community Edition 2022.3\bin;C:\Users\hplap\AppData\Local\gitkraken\bin;C:\Users\hplap\AppData\Local\GitHubDesktop\bin
USERNAME=hplap
OS=Windows_NT
PROCESSOR_IDENTIFIER=AMD64 Family 25 Model 80 Stepping 0, AuthenticAMD



---------------  S Y S T E M  ---------------

OS: Windows 11 , 64 bit Build 22621 (10.0.22621.1485)
OS uptime: 0 days 0:02 hours
Hyper-V role detected

CPU:total 12 (initial active 12) (12 cores per cpu, 2 threads per core) family 25 model 80 stepping 0 microcode 0x0, cmov, cx8, fxsr, mmx, sse, sse2, sse3, ssse3, sse4.1, sse4.2, popcnt, avx, avx2, aes, clmul, erms, mmxext, 3dnowpref, lzcnt, sse4a, ht, tsc, tscinvbit, tscinv, bmi1, bmi2, adx, sha, fma

Memory: 4k page, system-wide physical 7522M (153M free)
TotalPageFile size 25960M (AvailPageFile size 4M)
current process WorkingSet (physical memory assigned to process): 118M, peak: 207M
current process commit charge ("private bytes"): 363M, peak: 365M

vm_info: OpenJDK 64-Bit Server VM (11.0.15+0-b2043.56-9505619) for windows-amd64 JRE (11.0.15+0-b2043.56-9505619), built on Jan 19 2023 02:48:00 by "builduser" with unknown MS VC++:1929

END.
